<?xml version="1.0" encoding="utf-8"?>
<TestRun id="2cef5903-9dfe-4f1c-9479-46f61b903d76" name="SeanS@DESKTOP-BQQQ8FP 2026-09-07 06:07:44" runUser="DESKTOP-BQQQ8FP\SeanS" xmlns="http://microsoft.com/schemas/VisualStudio/TeamTest/2010">
  <Times creation="2026-09-07T06:07:44.1832003-04:00" queuing="2026-09-07T06:07:44.1832004-04:00" start="2026-09-07T06:07:40.9100058-04:00" finish="2026-09-07T06:08:07.3948750-04:00" />
  <TestSettings name="default" id="9c03d87f-4a50-4e12-9c59-b11c691034d9">
    <Deployment runDeploymentRoot="SeanS_DESKTOP-BQQQ8FP_2026-09-07_06_07_44" />
  </TestSettings>
  <Results>
    <UnitTestResult executionId="6bf90203-77a7-4956-b322-75da80fb53ff" testId="bc3e3f56-c603-756c-5456-a2fdf8ed2c13" testName="QuizApp.Tests.FileAssessmentRepositoryTests.Repository_loads_and_validates_new_assessment_content(assessmentId: &quot;caa-popcount-bit-scans-hard-quiz&quot;)" computerName="DESKTOP-BQQQ8FP" duration="00:00:00.0188460" startTime="2026-09-07T06:07:53.8647045-04:00" endTime="2026-09-07T06:07:53.8647047-04:00" testType="13cdc9d9-ddb5-4fa4-a97d-d965ccfc6d4b" outcome="Passed" testListId="8c84fa94-04c1-424b-9868-57a2d4851a1d" relativeResultsDirectory="6bf90203-77a7-4956-b322-75da80fb53ff" />
    <UnitTestResult executionId="1021a1d6-c945-471b-a798-3f35ddc3c987" testId="d3984de8-3242-5fa8-d656-05861ebb38d6" testName="QuizApp.Tests.FileAssessmentRepositoryTests.Repository_loads_and_validates_new_assessment_content(assessmentId: &quot;calc2-area-between-curves-worked-examples-s2c&quot;)" computerName="DESKTOP-BQQQ8FP" duration="00:00:00.0219753" startTime="2026-09-07T06:08:00.6091722-04:00" endTime="2026-09-07T06:08:00.6091723-04:00" testType="13cdc9d9-ddb5-4fa4-a97d-d965ccfc6d4b" outcome="Passed" testListId="8c84fa94-04c1-424b-9868-57a2d4851a1d" relativeResultsDirectory="1021a1d6-c945-471b-a798-3f35ddc3c987" />
    <UnitTestResult executionId="6b48230e-854e-4281-8b4b-ebf6f71dd921" testId="63926fd0-1d30-88f3-e9e5-fcf700556cea" testName="QuizApp.Tests.FileAssessmentRepositoryTests.Repository_loads_and_validates_new_assessment_content(assessmentId: &quot;dsa-range-resource-concept-lesson&quot;)" computerName="DESKTOP-BQQQ8FP" duration="00:00:00.0278856" startTime="2026-09-07T06:07:48.0367570-04:00" endTime="2026-09-07T06:07:48.0367573-04:00" testType="13cdc9d9-ddb5-4fa4-a97d-d965ccfc6d4b" outcome="Passed" testListId="8c84fa94-04c1-424b-9868-57a2d4851a1d" relativeResultsDirectory="6b48230e-854e-4281-8b4b-ebf6f71dd921" />
    <UnitTestResult executionId="1ae1fe09-9bd1-4745-83de-4f8617c4efe7" testId="23f1b103-019a-ba79-2f7a-7b1426ee61b0" testName="QuizApp.Tests.FileAssessmentRepositoryTests.Repository_loads_and_validates_new_assessment_content(assessmentId: &quot;calc2-parametric-integrals-concept-lesson-s2c&quot;)" computerName="DESKTOP-BQQQ8FP" duration="00:00:00.0523008" startTime="2026-09-07T06:07:47.7064934-04:00" endTime="2026-09-07T06:07:47.7064940-04:00" testType="13cdc9d9-ddb5-4fa4-a97d-d965ccfc6d4b" outcome="Passed" testListId="8c84fa94-04c1-424b-9868-57a2d4851a1d" relativeResultsDirectory="1ae1fe09-9bd1-4745-83de-4f8617c4efe7" />
    <UnitTestResult executionId="6791b398-1ad6-44eb-b91a-60b269180715" testId="4d3b9b43-283d-76d3-0667-85413f379674" testName="QuizApp.Tests.FileAssessmentRepositoryTests.Repository_loads_and_validates_new_assessment_content(assessmentId: &quot;os-virtualization-cloud-deep-concept-lesson&quot;)" computerName="DESKTOP-BQQQ8FP" duration="00:00:00.0266712" startTime="2026-09-07T06:08:06.2059910-04:00" endTime="2026-09-07T06:08:06.2059911-04:00" testType="13cdc9d9-ddb5-4fa4-a97d-d965ccfc6d4b" outcome="Passed" testListId="8c84fa94-04c1-424b-9868-57a2d4851a1d" relativeResultsDirectory="6791b398-1ad6-44eb-b91a-60b269180715" />
    <UnitTestResult executionId="870b0330-a1ab-43e1-9f39-6e4e928417b8" testId="c8aa8f6f-7b58-86b1-84dc-77b792f60118" testName="QuizApp.Tests.FileAssessmentRepositoryTests.Repository_loads_and_validates_new_assessment_content(assessmentId: &quot;calc1-sets-functions-concept-lesson&quot;)" computerName="DESKTOP-BQQQ8FP" duration="00:00:00.0237820" startTime="2026-09-07T06:07:48.6559156-04:00" endTime="2026-09-07T06:07:48.6559157-04:00" testType="13cdc9d9-ddb5-4fa4-a97d-d965ccfc6d4b" outcome="Passed" testListId="8c84fa94-04c1-424b-9868-57a2d4851a1d" relativeResultsDirectory="870b0330-a1ab-43e1-9f39-6e4e928417b8" />
    <UnitTestResult executionId="7d9d8d80-74d7-42fe-8e6b-9675dba23f4a" testId="3c9c7791-3620-293a-7d30-fd0f0a0930ee" testName="QuizApp.Tests.FileAssessmentRepositoryTests.Repository_loads_and_validates_new_assessment_content(assessmentId: &quot;calc2-improper-integrals-worked-examples&quot;)" computerName="DESKTOP-BQQQ8FP" duration="00:00:00.0224013" startTime="2026-09-07T06:07:58.0240161-04:00" endTime="2026-09-07T06:07:58.0240162-04:00" testType="13cdc9d9-ddb5-4fa4-a97d-d965ccfc6d4b" outcome="Passed" testListId="8c84fa94-04c1-424b-9868-57a2d4851a1d" relativeResultsDirectory="7d9d8d80-74d7-42fe-8e6b-9675dba23f4a" />
    <UnitTestResult executionId="543b1434-3913-464c-b9b5-ce0f285dfcc6" testId="7705f47b-5f7c-346c-7d9b-a85779d2a324" testName="QuizApp.Tests.FileAssessmentRepositoryTests.Repository_loads_and_validates_new_assessment_content(assessmentId: &quot;calc2-polar-curves-recall-s2c&quot;)" computerName="DESKTOP-BQQQ8FP" duration="00:00:00.0169706" startTime="2026-09-07T06:07:50.2879980-04:00" endTime="2026-09-07T06:07:50.2879982-04:00" testType="13cdc9d9-ddb5-4fa4-a97d-d965ccfc6d4b" outcome="Passed" testListId="8c84fa94-04c1-424b-9868-57a2d4851a1d" relativeResultsDirectory="543b1434-3913-464c-b9b5-ce0f285dfcc6" />
    <UnitTestResult executionId="a31d5d80-fa3a-4c0d-97e5-484405a6c60f" testId="11c8b278-001f-fc90-6bc1-22dd65221fbf" testName="QuizApp.Tests.FileAssessmentRepositoryTests.Repository_loads_and_validates_new_assessment_content(assessmentId: &quot;vector-valued-functions-concept-lesson-s2c&quot;)" computerName="DESKTOP-BQQQ8FP" duration="00:00:00.0275740" startTime="2026-09-07T06:07:51.4741020-04:00" endTime="2026-09-07T06:07:51.4741022-04:00" testType="13cdc9d9-ddb5-4fa4-a97d-d965ccfc6d4b" outcome="Passed" testListId="8c84fa94-04c1-424b-9868-57a2d4851a1d" relativeResultsDirectory="a31d5d80-fa3a-4c0d-97e5-484405a6c60f" />
    <UnitTestResult executionId="f60e3478-fe46-41cc-a28e-534ed55720ac" testId="bc7bb1a9-1eb2-bb94-6a74-8b8d646965a4" testName="QuizApp.Tests.FileAssessmentRepositoryTests.Repository_loads_and_validates_new_assessment_content(assessmentId: &quot;os-windows-case-study-recall&quot;)" computerName="DESKTOP-BQQQ8FP" duration="00:00:00.0205136" startTime="2026-09-07T06:07:52.3476183-04:00" endTime="2026-09-07T06:07:52.3476186-04:00" testType="13cdc9d9-ddb5-4fa4-a97d-d965ccfc6d4b" outcome="Passed" testListId="8c84fa94-04c1-424b-9868-57a2d4851a1d" relativeResultsDirectory="f60e3478-fe46-41cc-a28e-534ed55720ac" />
    <UnitTestResult executionId="2f78ecdb-a147-4fbe-a875-778d0017c9dd" testId="13bb2370-1c75-954c-1819-ed668ce8dfa1" testName="QuizApp.Tests.FileAssessmentRepositoryTests.Repository_loads_and_validates_new_assessment_content(assessmentId: &quot;os-introduction-system-calls-recall&quot;)" computerName="DESKTOP-BQQQ8FP" duration="00:00:00.0194457" startTime="2026-09-07T06:08:00.9480956-04:00" endTime="2026-09-07T06:08:00.9480957-04:00" testType="13cdc9d9-ddb5-4fa4-a97d-d965ccfc6d4b" outcome="Passed" testListId="8c84fa94-04c1-424b-9868-57a2d4851a1d" relativeResultsDirectory="2f78ecdb-a147-4fbe-a875-778d0017c9dd" />
    <UnitTestResult executionId="3a60de23-cc48-47ff-a486-f669ef1cd8fa" testId="0c140375-c13f-6ec9-68ee-943297bea181" testName="QuizApp.Tests.FileAssessmentRepositoryTests.Repository_loads_and_validates_new_assessment_content(assessmentId: &quot;os-virtual-memory-test&quot;)" computerName="DESKTOP-BQQQ8FP" duration="00:00:00.0240282" startTime="2026-09-07T06:07:59.0980400-04:00" endTime="2026-09-07T06:07:59.0980403-04:00" testType="13cdc9d9-ddb5-4fa4-a97d-d965ccfc6d4b" outcome="Passed" testListId="8c84fa94-04c1-424b-9868-57a2d4851a1d" relativeResultsDirectory="3a60de23-cc48-47ff-a486-f669ef1cd8fa" />
    <UnitTestResult executionId="6eb744b0-0ea1-4abf-ad04-4d5ab66f85a2" testId="7c4749f8-295c-ec3d-eb88-3a281e2de67f" testName="QuizApp.Tests.FileAssessmentRepositoryTests.Repository_loads_and_validates_new_assessment_content(assessmentId: &quot;calc2-parametric-curves-concept-lesson-s2c&quot;)" computerName="DESKTOP-BQQQ8FP" duration="00:00:00.0316493" startTime="2026-09-07T06:07:51.7715802-04:00" endTime="2026-09-07T06:07:51.7715803-04:00" testType="13cdc9d9-ddb5-4fa4-a97d-d965ccfc6d4b" outcome="Passed" testListId="8c84fa94-04c1-424b-9868-57a2d4851a1d" relativeResultsDirectory="6eb744b0-0ea1-4abf-ad04-4d5ab66f85a2" />
    <UnitTestResult executionId="c9ee2b9c-1aae-4b59-93db-045a8078740a" testId="b0225f6d-4327-aa51-4be2-7e07aa26a891" testName="QuizApp.Tests.FileAssessmentRepositoryTests.Repository_loads_and_validates_new_assessment_content(assessmentId: &quot;os-unix-linux-android-test&quot;)" computerName="DESKTOP-BQQQ8FP" duration="00:00:00.0323832" startTime="2026-09-07T06:07:49.8905634-04:00" endTime="2026-09-07T06:07:49.8905637-04:00" testType="13cdc9d9-ddb5-4fa4-a97d-d965ccfc6d4b" outcome="Passed" testListId="8c84fa94-04c1-424b-9868-57a2d4851a1d" relativeResultsDirectory="c9ee2b9c-1aae-4b59-93db-045a8078740a" />
    <UnitTestResult executionId="55480104-396e-4655-9924-732fe46d6351" testId="dec09a6b-3774-fe84-3286-6e29b7a8012c" testName="QuizApp.Tests.FileAssessmentRepositoryTests.Repository_loads_and_validates_new_assessment_content(assessmentId: &quot;geometry-triangles-basics-worked-example-1&quot;)" computerName="DESKTOP-BQQQ8FP" duration="00:00:00.0787120" startTime="2026-09-07T06:07:44.7498596-04:00" endTime="2026-09-07T06:07:44.7498599-04:00" testType="13cdc9d9-ddb5-4fa4-a97d-d965ccfc6d4b" outcome="Passed" testListId="8c84fa94-04c1-424b-9868-57a2d4851a1d" relativeResultsDirectory="55480104-396e-4655-9924-732fe46d6351" />
    <UnitTestResult executionId="e37b3f13-5820-40b2-889d-43af741df8b6" testId="24f04d5e-74e8-2634-dec0-9df1cda7a3e3" testName="QuizApp.Tests.FileAssessmentRepositoryTests.Repository_loads_and_validates_new_assessment_content(assessmentId: &quot;calc2-sequence-fundamentals-convergence-easy-quiz&quot;)" computerName="DESKTOP-BQQQ8FP" duration="00:00:00.0221503" startTime="2026-09-07T06:08:04.9719461-04:00" endTime="2026-09-07T06:08:04.9719483-04:00" testType="13cdc9d9-ddb5-4fa4-a97d-d965ccfc6d4b" outcome="Passed" testListId="8c84fa94-04c1-424b-9868-57a2d4851a1d" relativeResultsDirectory="e37b3f13-5820-40b2-889d-43af741df8b6" />
    <UnitTestResult executionId="98a7d0aa-8d95-4d84-8024-712bab9b69d2" testId="462acb15-d9fb-e111-6e54-2c264854b43f" testName="QuizApp.Tests.FileAssessmentRepositoryTests.Repository_loads_and_validates_new_assessment_content(assessmentId: &quot;calc2-sequence-limit-tools-medium-quiz&quot;)" computerName="DESKTOP-BQQQ8FP" duration="00:00:00.0240534" startTime="2026-09-07T06:08:05.4569804-04:00" endTime="2026-09-07T06:08:05.4569805-04:00" testType="13cdc9d9-ddb5-4fa4-a97d-d965ccfc6d4b" outcome="Passed" testListId="8c84fa94-04c1-424b-9868-57a2d4851a1d" relativeResultsDirectory="98a7d0aa-8d95-4d84-8024-712bab9b69d2" />
    <UnitTestResult executionId="b4444298-6c9e-4f00-9db4-67609f3847b7" testId="e98c978e-fde6-9eac-2faf-9b6e20a44be2" testName="QuizApp.Tests.FileAssessmentRepositoryTests.Repository_loads_and_validates_new_assessment_content(assessmentId: &quot;geometry-triangles-basics-worked-example-2&quot;)" computerName="DESKTOP-BQQQ8FP" duration="00:00:00.0207484" startTime="2026-09-07T06:08:06.7904436-04:00" endTime="2026-09-07T06:08:06.7904437-04:00" testType="13cdc9d9-ddb5-4fa4-a97d-d965ccfc6d4b" outcome="Passed" testListId="8c84fa94-04c1-424b-9868-57a2d4851a1d" relativeResultsDirectory="b4444298-6c9e-4f00-9db4-67609f3847b7" />
    <UnitTestResult executionId="3b82d373-687d-4ba8-8b9a-76825be656b3" testId="1be47ef3-9b59-c950-e39f-4ae8fe469904" testName="QuizApp.Tests.FileAssessmentRepositoryTests.Repository_loads_and_validates_new_assessment_content(assessmentId: &quot;os-unix-linux-android-scenario-worked-example&quot;)" computerName="DESKTOP-BQQQ8FP" duration="00:00:00.0229992" startTime="2026-09-07T06:07:49.2551244-04:00" endTime="2026-09-07T06:07:49.2551245-04:00" testType="13cdc9d9-ddb5-4fa4-a97d-d965ccfc6d4b" outcome="Passed" testListId="8c84fa94-04c1-424b-9868-57a2d4851a1d" relativeResultsDirectory="3b82d373-687d-4ba8-8b9a-76825be656b3" />
    <UnitTestResult executionId="533f6a92-6402-42ae-ac4b-5da054423dff" testId="4b8c6abd-8878-7714-a0ac-d7997d2e7bc1" testName="QuizApp.Tests.FileAssessmentRepositoryTests.Repository_loads_and_validates_new_assessment_content(assessmentId: &quot;mathematical-literacy-logic-recall&quot;)" computerName="DESKTOP-BQQQ8FP" duration="00:00:00.0204297" startTime="2026-09-07T06:07:51.0991889-04:00" endTime="2026-09-07T06:07:51.0991892-04:00" testType="13cdc9d9-ddb5-4fa4-a97d-d965ccfc6d4b" outcome="Passed" testListId="8c84fa94-04c1-424b-9868-57a2d4851a1d" relativeResultsDirectory="533f6a92-6402-42ae-ac4b-5da054423dff" />
    <UnitTestResult executionId="6bc0ec77-4cd2-4def-ac49-b02126840756" testId="8583cb69-31a8-8948-0314-1b332f3fb6b6" testName="QuizApp.Tests.FileAssessmentRepositoryTests.Repository_loads_and_validates_new_assessment_content(assessmentId: &quot;dot-cross-products-worked-example-s2c&quot;)" computerName="DESKTOP-BQQQ8FP" duration="00:00:00.0324344" startTime="2026-09-07T06:07:59.7489237-04:00" endTime="2026-09-07T06:07:59.7489240-04:00" testType="13cdc9d9-ddb5-4fa4-a97d-d965ccfc6d4b" outcome="Passed" testListId="8c84fa94-04c1-424b-9868-57a2d4851a1d" relativeResultsDirectory="6bc0ec77-4cd2-4def-ac49-b02126840756" />
    <UnitTestResult executionId="34a040cf-8993-4a71-8327-513f4f02e2c2" testId="299c2ebd-486b-fd59-c854-a7df60cb1746" testName="QuizApp.Tests.FileAssessmentRepositoryTests.Repository_loads_and_validates_new_assessment_content(assessmentId: &quot;cpp-pointer-vs-reference-worked-example&quot;)" computerName="DESKTOP-BQQQ8FP" duration="00:00:00.0722459" startTime="2026-09-07T06:07:45.1892310-04:00" endTime="2026-09-07T06:07:45.1892314-04:00" testType="13cdc9d9-ddb5-4fa4-a97d-d965ccfc6d4b" outcome="Passed" testListId="8c84fa94-04c1-424b-9868-57a2d4851a1d" relativeResultsDirectory="34a040cf-8993-4a71-8327-513f4f02e2c2" />
    <UnitTestResult executionId="192b3b0d-0d38-4f69-bb98-9166625bc1f6" testId="25ab73aa-5c6b-e61d-8168-b6dc8cf06976" testName="QuizApp.Tests.FileAssessmentRepositoryTests.Repository_loads_and_validates_new_assessment_content(assessmentId: &quot;caa-bit-permutations-hard-quiz&quot;)" computerName="DESKTOP-BQQQ8FP" duration="00:00:00.0439511" startTime="2026-09-07T06:07:47.7507084-04:00" endTime="2026-09-07T06:07:47.7507087-04:00" testType="13cdc9d9-ddb5-4fa4-a97d-d965ccfc6d4b" outcome="Passed" testListId="8c84fa94-04c1-424b-9868-57a2d4851a1d" relativeResultsDirectory="192b3b0d-0d38-4f69-bb98-9166625bc1f6" />
    <UnitTestResult executionId="12521ad3-ff25-4501-981f-993555313845" testId="91aaf514-8e89-77e0-e25b-98cdfb1ef1ff" testName="QuizApp.Tests.FileAssessmentRepositoryTests.Repository_loads_and_validates_new_assessment_content(assessmentId: &quot;calc2-parametric-review-circle-start-orientation-w&quot;···)" computerName="DESKTOP-BQQQ8FP" duration="00:00:00.0224641" startTime="2026-09-07T06:07:48.8532468-04:00" endTime="2026-09-07T06:07:48.8532473-04:00" testType="13cdc9d9-ddb5-4fa4-a97d-d965ccfc6d4b" outcome="Passed" testListId="8c84fa94-04c1-424b-9868-57a2d4851a1d" relativeResultsDirectory="12521ad3-ff25-4501-981f-993555313845" />
    <UnitTestResult executionId="feaae406-2378-41f4-9850-72ea600d0846" testId="d6283196-7db0-b18f-9cf0-5827bffc9486" testName="QuizApp.Tests.FileAssessmentRepositoryTests.Repository_loads_and_validates_new_assessment_content(assessmentId: &quot;os-introduction-system-calls-glossary&quot;)" computerName="DESKTOP-BQQQ8FP" duration="00:00:00.0292957" startTime="2026-09-07T06:07:59.6850299-04:00" endTime="2026-09-07T06:07:59.6850303-04:00" testType="13cdc9d9-ddb5-4fa4-a97d-d965ccfc6d4b" outcome="Passed" testListId="8c84fa94-04c1-424b-9868-57a2d4851a1d" relativeResultsDirectory="feaae406-2378-41f4-9850-72ea600d0846" />
    <UnitTestResult executionId="64cb8683-0aa4-44d6-881d-9eb5f6b056dd" testId="08838e89-e251-d1d9-7efa-e62aa8b42201" testName="QuizApp.Tests.FileAssessmentRepositoryTests.Repository_loads_and_validates_new_assessment_content(assessmentId: &quot;calc2-improper-integrals-easy-quiz&quot;)" computerName="DESKTOP-BQQQ8FP" duration="00:00:00.0234700" startTime="2026-09-07T06:07:52.4170343-04:00" endTime="2026-09-07T06:07:52.4170346-04:00" testType="13cdc9d9-ddb5-4fa4-a97d-d965ccfc6d4b" outcome="Passed" testListId="8c84fa94-04c1-424b-9868-57a2d4851a1d" relativeResultsDirectory="64cb8683-0aa4-44d6-881d-9eb5f6b056dd" />
    <UnitTestResult executionId="7821d8b1-a5d3-49cb-ab33-5e9df9a29cc2" testId="24d1b1b2-2e44-daaa-03ce-8339fc2e5e0d" testName="QuizApp.Tests.FileAssessmentRepositoryTests.Repository_loads_and_validates_new_assessment_content(assessmentId: &quot;chemistry-measurements-test-s2c&quot;)" computerName="DESKTOP-BQQQ8FP" duration="00:00:00.0262764" startTime="2026-09-07T06:07:50.3953349-04:00" endTime="2026-09-07T06:07:50.3953350-04:00" testType="13cdc9d9-ddb5-4fa4-a97d-d965ccfc6d4b" outcome="Passed" testListId="8c84fa94-04c1-424b-9868-57a2d4851a1d" relativeResultsDirectory="7821d8b1-a5d3-49cb-ab33-5e9df9a29cc2" />
    <UnitTestResult executionId="4ec943aa-ec63-4f90-a202-e677bf8c0911" testId="afc0416a-0c0a-eb31-957b-48d7f3fe3124" testName="QuizApp.Tests.FileAssessmentRepositoryTests.Repository_loads_and_validates_new_assessment_content(assessmentId: &quot;os-memory-management-quiz&quot;)" computerName="DESKTOP-BQQQ8FP" duration="00:00:00.0185643" startTime="2026-09-07T06:08:07.1654473-04:00" endTime="2026-09-07T06:08:07.1654474-04:00" testType="13cdc9d9-ddb5-4fa4-a97d-d965ccfc6d4b" outcome="Passed" testListId="8c84fa94-04c1-424b-9868-57a2d4851a1d" relativeResultsDirectory="4ec943aa-ec63-4f90-a202-e677bf8c0911" />
    <UnitTestResult executionId="f7a16a9c-d76a-4a95-ac1a-2a094cb8fb40" testId="3aed1c74-29c2-d076-8fa6-2304b00ae5ab" testName="QuizApp.Tests.FileAssessmentRepositoryTests.Repository_loads_and_validates_new_assessment_content(assessmentId: &quot;vectors-concept-lesson-s2c&quot;)" computerName="DESKTOP-BQQQ8FP" duration="00:00:00.0274880" startTime="2026-09-07T06:07:51.9544943-04:00" endTime="2026-09-07T06:07:51.9544947-04:00" testType="13cdc9d9-ddb5-4fa4-a97d-d965ccfc6d4b" outcome="Passed" testListId="8c84fa94-04c1-424b-9868-57a2d4851a1d" relativeResultsDirectory="f7a16a9c-d76a-4a95-ac1a-2a094cb8fb40" />
    <UnitTestResult executionId="3e84fbc1-b655-4595-a2eb-4424e6e5ca11" testId="1dde1a44-94c2-7e1b-3f7a-9825ec12b6d1" testName="QuizApp.Tests.FileAssessmentRepositoryTests.Repository_loads_and_validates_new_assessment_content(assessmentId: &quot;dot-cross-products-test-s2c&quot;)" computerName="DESKTOP-BQQQ8FP" duration="00:00:00.1544695" startTime="2026-09-07T06:07:47.1755316-04:00" endTime="2026-09-07T06:07:47.1755318-04:00" testType="13cdc9d9-ddb5-4fa4-a97d-d965ccfc6d4b" outcome="Passed" testListId="8c84fa94-04c1-424b-9868-57a2d4851a1d" relativeResultsDirectory="3e84fbc1-b655-4595-a2eb-4424e6e5ca11" />
    <UnitTestResult executionId="a780776d-4733-4557-8b6f-869c6d932723" testId="c7843598-4aa9-053a-ed76-a99077d3c54e" testName="QuizApp.Tests.FileAssessmentRepositoryTests.Repository_loads_and_validates_new_assessment_content(assessmentId: &quot;geometry-right-triangles-worked-example-1&quot;)" computerName="DESKTOP-BQQQ8FP" duration="00:00:00.0271482" startTime="2026-09-07T06:08:05.0400365-04:00" endTime="2026-09-07T06:08:05.0400367-04:00" testType="13cdc9d9-ddb5-4fa4-a97d-d965ccfc6d4b" outcome="Passed" testListId="8c84fa94-04c1-424b-9868-57a2d4851a1d" relativeResultsDirectory="a780776d-4733-4557-8b6f-869c6d932723" />
    <UnitTestResult executionId="f3db6f3a-5a90-4654-92b5-6368335bcbb4" testId="f1eabc76-d32b-c10b-bbf8-69657e631f53" testName="QuizApp.Tests.FileAssessmentRepositoryTests.Repository_loads_and_validates_new_assessment_content(assessmentId: &quot;os-input-output-quiz&quot;)" computerName="DESKTOP-BQQQ8FP" duration="00:00:00.0197961" startTime="2026-09-07T06:07:59.1401732-04:00" endTime="2026-09-07T06:07:59.1401734-04:00" testType="13cdc9d9-ddb5-4fa4-a97d-d965ccfc6d4b" outcome="Passed" testListId="8c84fa94-04c1-424b-9868-57a2d4851a1d" relativeResultsDirectory="f3db6f3a-5a90-4654-92b5-6368335bcbb4" />
    <UnitTestResult executionId="3cda0a5b-08e9-4a39-943c-bd6dd456d4fe" testId="f23cd875-bd87-cf0b-e438-375483ead03f" testName="QuizApp.Tests.FileAssessmentRepositoryTests.Repository_loads_and_validates_new_assessment_content(assessmentId: &quot;physics-moment-of-inertia-ke-quiz-hard&quot;)" computerName="DESKTOP-BQQQ8FP" duration="00:00:00.0218878" startTime="2026-09-07T06:07:48.8306267-04:00" endTime="2026-09-07T06:07:48.8306268-04:00" testType="13cdc9d9-ddb5-4fa4-a97d-d965ccfc6d4b" outcome="Passed" testListId="8c84fa94-04c1-424b-9868-57a2d4851a1d" relativeResultsDirectory="3cda0a5b-08e9-4a39-943c-bd6dd456d4fe" />
    <UnitTestResult executionId="d6c74a58-4644-4e05-9afd-93a1478621f4" testId="4e41f3b4-2ffc-d90f-8012-fccd3ab44337" testName="QuizApp.Tests.FileAssessmentRepositoryTests.Repository_loads_and_validates_new_assessment_content(assessmentId: &quot;motion-in-space-recall-s2c&quot;)" computerName="DESKTOP-BQQQ8FP" duration="00:00:00.0214169" startTime="2026-09-07T06:07:58.3975561-04:00" endTime="2026-09-07T06:07:58.3975565-04:00" testType="13cdc9d9-ddb5-4fa4-a97d-d965ccfc6d4b" outcome="Passed" testListId="8c84fa94-04c1-424b-9868-57a2d4851a1d" relativeResultsDirectory="d6c74a58-4644-4e05-9afd-93a1478621f4" />
    <UnitTestResult executionId="60c71970-998e-4fda-b6b5-d0ab7f20c257" testId="bf37323c-732e-09a4-bce9-3e903c9d42e9" testName="QuizApp.Tests.FileAssessmentRepositoryTests.Repository_loads_and_validates_new_assessment_content(assessmentId: &quot;caa-integer-multiply-divide-worked-example&quot;)" computerName="DESKTOP-BQQQ8FP" duration="00:00:00.0188926" startTime="2026-09-07T06:07:52.2861664-04:00" endTime="2026-09-07T06:07:52.2861668-04:00" testType="13cdc9d9-ddb5-4fa4-a97d-d965ccfc6d4b" outcome="Passed" testListId="8c84fa94-04c1-424b-9868-57a2d4851a1d" relativeResultsDirectory="60c71970-998e-4fda-b6b5-d0ab7f20c257" />
    <UnitTestResult executionId="6843af3b-e758-4303-82e9-b94d876029c0" testId="e133be07-2830-d4b1-d949-cd3fdccfbafb" testName="QuizApp.Tests.FileAssessmentRepositoryTests.Repository_loads_and_validates_new_assessment_content(assessmentId: &quot;caa-bitwise-fundamentals-recall&quot;)" computerName="DESKTOP-BQQQ8FP" duration="00:00:00.0194501" startTime="2026-09-07T06:07:53.8238812-04:00" endTime="2026-09-07T06:07:53.8238814-04:00" testType="13cdc9d9-ddb5-4fa4-a97d-d965ccfc6d4b" outcome="Passed" testListId="8c84fa94-04c1-424b-9868-57a2d4851a1d" relativeResultsDirectory="6843af3b-e758-4303-82e9-b94d876029c0" />
    <UnitTestResult executionId="62556af3-97ae-43e5-a41b-2165449fbf6b" testId="219579f2-8794-8d88-cd22-a04ed3ddf1a0" testName="QuizApp.Tests.FileAssessmentRepositoryTests.Repository_loads_and_validates_new_assessment_content(assessmentId: &quot;os-security-glossary&quot;)" computerName="DESKTOP-BQQQ8FP" duration="00:00:00.0223933" startTime="2026-09-07T06:08:07.0029633-04:00" endTime="2026-09-07T06:08:07.0029634-04:00" testType="13cdc9d9-ddb5-4fa4-a97d-d965ccfc6d4b" outcome="Passed" testListId="8c84fa94-04c1-424b-9868-57a2d4851a1d" relativeResultsDirectory="62556af3-97ae-43e5-a41b-2165449fbf6b" />
    <UnitTestResult executionId="5f3b5fde-a325-4ed6-9021-88bf8c2bc817" testId="dad76fbe-51f9-cf49-9414-1f497ae05b29" testName="QuizApp.Tests.FileAssessmentRepositoryTests.Repository_loads_and_validates_new_assessment_content(assessmentId: &quot;os-input-output-deep-concept-lesson&quot;)" computerName="DESKTOP-BQQQ8FP" duration="00:00:00.0246250" startTime="2026-09-07T06:08:00.4437278-04:00" endTime="2026-09-07T06:08:00.4437279-04:00" testType="13cdc9d9-ddb5-4fa4-a97d-d965ccfc6d4b" outcome="Passed" testListId="8c84fa94-04c1-424b-9868-57a2d4851a1d" relativeResultsDirectory="5f3b5fde-a325-4ed6-9021-88bf8c2bc817" />
    <UnitTestResult executionId="c4b54b61-ceff-4733-ab0d-fafb7111dcac" testId="58b3dd32-575c-f151-b66e-990db0eab413" testName="QuizApp.Tests.FileAssessmentRepositoryTests.Repository_loads_and_validates_new_assessment_content(assessmentId: &quot;dot-cross-products-concept-lesson-s2c&quot;)" computerName="DESKTOP-BQQQ8FP" duration="00:00:00.0189576" startTime="2026-09-07T06:08:07.1467855-04:00" endTime="2026-09-07T06:08:07.1467856-04:00" testType="13cdc9d9-ddb5-4fa4-a97d-d965ccfc6d4b" outcome="Passed" testListId="8c84fa94-04c1-424b-9868-57a2d4851a1d" relativeResultsDirectory="c4b54b61-ceff-4733-ab0d-fafb7111dcac" />
    <UnitTestResult executionId="b6fb31ed-7a74-48fe-856c-011a3469d7cd" testId="ffb57cec-3dd7-d09b-583a-e5e563d4e772" testName="QuizApp.Tests.FileAssessmentRepositoryTests.Repository_loads_and_validates_new_assessment_content(assessmentId: &quot;caa-overflow-safe-arithmetic-recall&quot;)" computerName="DESKTOP-BQQQ8FP" duration="00:00:00.0294539" startTime="2026-09-07T06:07:49.3791624-04:00" endTime="2026-09-07T06:07:49.3791626-04:00" testType="13cdc9d9-ddb5-4fa4-a97d-d965ccfc6d4b" outcome="Passed" testListId="8c84fa94-04c1-424b-9868-57a2d4851a1d" relativeResultsDirectory="b6fb31ed-7a74-48fe-856c-011a3469d7cd" />
    <UnitTestResult executionId="2a403633-5ef6-48d3-9d5a-611ca84560a0" testId="0d52557c-53e2-d13b-0885-0a06777b05c5" testName="QuizApp.Tests.FileAssessmentRepositoryTests.Repository_loads_and_validates_new_assessment_content(assessmentId: &quot;precalculus-polynomial-division-quiz&quot;)" computerName="DESKTOP-BQQQ8FP" duration="00:00:00.0208038" startTime="2026-09-07T06:07:50.7328406-04:00" endTime="2026-09-07T06:07:50.7328409-04:00" testType="13cdc9d9-ddb5-4fa4-a97d-d965ccfc6d4b" outcome="Passed" testListId="8c84fa94-04c1-424b-9868-57a2d4851a1d" relativeResultsDirectory="2a403633-5ef6-48d3-9d5a-611ca84560a0" />
    <UnitTestResult executionId="b30386f9-b7a3-4d23-aacb-dd8b5e7888b2" testId="3bf73c01-b93e-2105-4ea1-d39ecf5e170c" testName="QuizApp.Tests.FileAssessmentRepositoryTests.Repository_loads_and_validates_new_assessment_content(assessmentId: &quot;dsa-dynamic-greedy-quiz&quot;)" computerName="DESKTOP-BQQQ8FP" duration="00:00:00.0258275" startTime="2026-09-07T06:08:05.7258590-04:00" endTime="2026-09-07T06:08:05.7258593-04:00" testType="13cdc9d9-ddb5-4fa4-a97d-d965ccfc6d4b" outcome="Passed" testListId="8c84fa94-04c1-424b-9868-57a2d4851a1d" relativeResultsDirectory="b30386f9-b7a3-4d23-aacb-dd8b5e7888b2" />
    <UnitTestResult executionId="c8ee5246-75ab-49cb-8562-f2e4512034b1" testId="1aff0572-a034-b613-d667-efa336482139" testName="QuizApp.Tests.FileAssessmentRepositoryTests.Repository_loads_and_validates_new_assessment_content(assessmentId: &quot;python-loops-concept-lesson&quot;)" computerName="DESKTOP-BQQQ8FP" duration="00:00:00.0215798" startTime="2026-09-07T06:07:59.8367789-04:00" endTime="2026-09-07T06:07:59.8367791-04:00" testType="13cdc9d9-ddb5-4fa4-a97d-d965ccfc6d4b" outcome="Passed" testListId="8c84fa94-04c1-424b-9868-57a2d4851a1d" relativeResultsDirectory="c8ee5246-75ab-49cb-8562-f2e4512034b1" />
    <UnitTestResult executionId="1f5a7faf-efeb-45b9-a9dc-96d2f3819ea0" testId="2e2e9698-dc71-e408-6112-24a8d654c06e" testName="QuizApp.Tests.FileAssessmentRepositoryTests.Repository_loads_and_validates_new_assessment_content(assessmentId: &quot;os-deadlocks-quiz&quot;)" computerName="DESKTOP-BQQQ8FP" duration="00:00:00.0209659" startTime="2026-09-07T06:07:51.4463595-04:00" endTime="2026-09-07T06:07:51.4463597-04:00" testType="13cdc9d9-ddb5-4fa4-a97d-d965ccfc6d4b" outcome="Passed" testListId="8c84fa94-04c1-424b-9868-57a2d4851a1d" relativeResultsDirectory="1f5a7faf-efeb-45b9-a9dc-96d2f3819ea0" />
    <UnitTestResult executionId="7779aa93-f4bb-43d9-b3ed-1bd685a150fd" testId="f5b003cb-d7d7-b33c-f116-fbbaf797f2d3" testName="QuizApp.Tests.FileAssessmentRepositoryTests.Repository_loads_and_validates_new_assessment_content(assessmentId: &quot;lines-and-planes-worked-example-s2c&quot;)" computerName="DESKTOP-BQQQ8FP" duration="00:00:00.0208224" startTime="2026-09-07T06:07:59.2148951-04:00" endTime="2026-09-07T06:07:59.2148953-04:00" testType="13cdc9d9-ddb5-4fa4-a97d-d965ccfc6d4b" outcome="Passed" testListId="8c84fa94-04c1-424b-9868-57a2d4851a1d" relativeResultsDirectory="7779aa93-f4bb-43d9-b3ed-1bd685a150fd" />
    <UnitTestResult executionId="c4f9170d-bc87-4812-9255-109f4ccf6081" testId="f40aeaa3-bb27-f1a3-aa20-6409c3132d49" testName="QuizApp.Tests.FileAssessmentRepositoryTests.Repository_loads_and_validates_new_assessment_content(assessmentId: &quot;dsa-foundations-through-hashing-test&quot;)" computerName="DESKTOP-BQQQ8FP" duration="00:00:00.0254057" startTime="2026-09-07T06:07:48.5664533-04:00" endTime="2026-09-07T06:07:48.5664534-04:00" testType="13cdc9d9-ddb5-4fa4-a97d-d965ccfc6d4b" outcome="Passed" testListId="8c84fa94-04c1-424b-9868-57a2d4851a1d" relativeResultsDirectory="c4f9170d-bc87-4812-9255-109f4ccf6081" />
    <UnitTestResult executionId="95264e3b-2eea-4590-8820-50bf9137e97b" testId="4a53a0aa-0429-3850-439a-93e056934ac2" testName="QuizApp.Tests.FileAssessmentRepositoryTests.Repository_loads_and_validates_new_assessment_content(assessmentId: &quot;caa-integer-representation-hard-quiz&quot;)" computerName="DESKTOP-BQQQ8FP" duration="00:00:00.0204740" startTime="2026-09-07T06:07:53.5275440-04:00" endTime="2026-09-07T06:07:53.5275441-04:00" testType="13cdc9d9-ddb5-4fa4-a97d-d965ccfc6d4b" outcome="Passed" testListId="8c84fa94-04c1-424b-9868-57a2d4851a1d" relativeResultsDirectory="95264e3b-2eea-4590-8820-50bf9137e97b" />
    <UnitTestResult executionId="80966a0c-2dc9-4454-8b2a-50d380f7ee58" testId="b70c095e-1e51-8ba1-1c72-43e0741c7568" testName="QuizApp.Tests.FileAssessmentRepositoryTests.Repository_loads_and_validates_new_assessment_content(assessmentId: &quot;calc2-volume-methods-review-hard-test-s2c&quot;)" computerName="DESKTOP-BQQQ8FP" duration="00:00:00.0245986" startTime="2026-09-07T06:07:49.9571195-04:00" endTime="2026-09-07T06:07:49.9571196-04:00" testType="13cdc9d9-ddb5-4fa4-a97d-d965ccfc6d4b" outcome="Passed" testListId="8c84fa94-04c1-424b-9868-57a2d4851a1d" relativeResultsDirectory="80966a0c-2dc9-4454-8b2a-50d380f7ee58" />
    <UnitTestResult executionId="9a8de46b-70ca-4a2d-818d-524272c8babd" testId="2ed3f35f-f7e0-894c-7170-ca6306451cf1" testName="QuizApp.Tests.FileAssessmentRepositoryTests.Repository_loads_and_validates_new_assessment_content(assessmentId: &quot;chemistry-units-dimensional-analysis-concept-lesso&quot;···)" computerName="DESKTOP-BQQQ8FP" duration="00:00:00.0205540" startTime="2026-09-07T06:08:06.2976019-04:00" endTime="2026-09-07T06:08:06.2976020-04:00" testType="13cdc9d9-ddb5-4fa4-a97d-d965ccfc6d4b" outcome="Passed" testListId="8c84fa94-04c1-424b-9868-57a2d4851a1d" relativeResultsDirectory="9a8de46b-70ca-4a2d-818d-524272c8babd" />
    <UnitTestResult executionId="09513823-1127-4814-9fe4-d6571e921d6f" testId="2f766d79-daa9-03ad-aff5-f91cb95c3e9d" testName="QuizApp.Tests.FileAssessmentRepositoryTests.Repository_loads_and_validates_new_assessment_content(assessmentId: &quot;physics-rotational-work-power-quiz-easy&quot;)" computerName="DESKTOP-BQQQ8FP" duration="00:00:00.0257370" startTime="2026-09-07T06:07:59.1939616-04:00" endTime="2026-09-07T06:07:59.1939617-04:00" testType="13cdc9d9-ddb5-4fa4-a97d-d965ccfc6d4b" outcome="Passed" testListId="8c84fa94-04c1-424b-9868-57a2d4851a1d" relativeResultsDirectory="09513823-1127-4814-9fe4-d6571e921d6f" />
    <UnitTestResult executionId="1a867f53-d55b-44c1-b00c-bc8beab77aa0" testId="cdd7ef10-4a33-649c-7e16-28a6014a7163" testName="QuizApp.Tests.FileAssessmentRepositoryTests.Repository_loads_and_validates_new_assessment_content(assessmentId: &quot;calc2-polar-curves-hard-quiz-s2c&quot;)" computerName="DESKTOP-BQQQ8FP" duration="00:00:00.0208581" startTime="2026-09-07T06:07:51.5344829-04:00" endTime="2026-09-07T06:07:51.5344830-04:00" testType="13cdc9d9-ddb5-4fa4-a97d-d965ccfc6d4b" outcome="Passed" testListId="8c84fa94-04c1-424b-9868-57a2d4851a1d" relativeResultsDirectory="1a867f53-d55b-44c1-b00c-bc8beab77aa0" />
    <UnitTestResult executionId="c77aa2eb-0503-42ba-92e0-ab1613a2e99e" testId="8c469fdc-c786-6bcf-54ec-ff3c585318c2" testName="QuizApp.Tests.FileAssessmentRepositoryTests.Repository_loads_and_validates_new_assessment_content(assessmentId: &quot;os-deadlocks-test&quot;)" computerName="DESKTOP-BQQQ8FP" duration="00:00:00.0231438" startTime="2026-09-07T06:07:53.8879904-04:00" endTime="2026-09-07T06:07:53.8879907-04:00" testType="13cdc9d9-ddb5-4fa4-a97d-d965ccfc6d4b" outcome="Passed" testListId="8c84fa94-04c1-424b-9868-57a2d4851a1d" relativeResultsDirectory="c77aa2eb-0503-42ba-92e0-ab1613a2e99e" />
    <UnitTestResult executionId="589bd7a5-81cc-40b4-9380-a4dd4a7017b8" testId="cb2ce67b-f22f-60aa-bd8d-5b487c06949f" testName="QuizApp.Tests.FileAssessmentRepositoryTests.Repository_loads_and_validates_new_assessment_content(assessmentId: &quot;caa-integer-multiply-divide-easy-quiz&quot;)" computerName="DESKTOP-BQQQ8FP" duration="00:00:00.0280717" startTime="2026-09-07T06:07:48.7291850-04:00" endTime="2026-09-07T06:07:48.7291851-04:00" testType="13cdc9d9-ddb5-4fa4-a97d-d965ccfc6d4b" outcome="Passed" testListId="8c84fa94-04c1-424b-9868-57a2d4851a1d" relativeResultsDirectory="589bd7a5-81cc-40b4-9380-a4dd4a7017b8" />
    <UnitTestResult executionId="002f3ebd-b553-4f0d-a4a5-533e28e50535" testId="85ec4966-9dfb-5295-6f71-de32332a770d" testName="QuizApp.Tests.FileAssessmentRepositoryTests.Repository_loads_and_validates_new_assessment_content(assessmentId: &quot;os-windows-case-study-glossary&quot;)" computerName="DESKTOP-BQQQ8FP" duration="00:00:00.0312141" startTime="2026-09-07T06:08:05.5866848-04:00" endTime="2026-09-07T06:08:05.5866854-04:00" testType="13cdc9d9-ddb5-4fa4-a97d-d965ccfc6d4b" outcome="Passed" testListId="8c84fa94-04c1-424b-9868-57a2d4851a1d" relativeResultsDirectory="002f3ebd-b553-4f0d-a4a5-533e28e50535" />
    <UnitTestResult executionId="c36dff44-42eb-4eae-9014-7c90ac7020a1" testId="d02c3c2a-66f1-a82f-b625-2070201e747a" testName="QuizApp.Tests.FileAssessmentRepositoryTests.Repository_loads_and_validates_new_assessment_content(assessmentId: &quot;chemistry-general-chemistry-i-capstone-practice-s2&quot;···)" computerName="DESKTOP-BQQQ8FP" duration="00:00:00.0391941" startTime="2026-09-07T06:07:51.3369928-04:00" endTime="2026-09-07T06:07:51.3369929-04:00" testType="13cdc9d9-ddb5-4fa4-a97d-d965ccfc6d4b" outcome="Passed" testListId="8c84fa94-04c1-424b-9868-57a2d4851a1d" relativeResultsDirectory="c36dff44-42eb-4eae-9014-7c90ac7020a1" />
    <UnitTestResult executionId="e20887fe-cf43-4a2c-83dd-eff54c4404f3" testId="3548ed54-f5d7-f89a-2d9d-e525b5bb0a3d" testName="QuizApp.Tests.FileAssessmentRepositoryTests.Repository_loads_and_validates_new_assessment_content(assessmentId: &quot;operating-systems-processes-concurrency-deep-test&quot;)" computerName="DESKTOP-BQQQ8FP" duration="00:00:00.0381553" startTime="2026-09-07T06:08:00.5128880-04:00" endTime="2026-09-07T06:08:00.5128882-04:00" testType="13cdc9d9-ddb5-4fa4-a97d-d965ccfc6d4b" outcome="Passed" testListId="8c84fa94-04c1-424b-9868-57a2d4851a1d" relativeResultsDirectory="e20887fe-cf43-4a2c-83dd-eff54c4404f3" />
    <UnitTestResult executionId="5a33ecc2-3434-4bf2-9599-7591d15979ca" testId="e4b37740-dd66-7418-65d5-ac23bf09fa51" testName="QuizApp.Tests.FileAssessmentRepositoryTests.Repository_loads_and_validates_new_assessment_content(assessmentId: &quot;vector-valued-functions-recall-s2c&quot;)" computerName="DESKTOP-BQQQ8FP" duration="00:00:00.0276314" startTime="2026-09-07T06:07:49.4324834-04:00" endTime="2026-09-07T06:07:49.4324835-04:00" testType="13cdc9d9-ddb5-4fa4-a97d-d965ccfc6d4b" outcome="Passed" testListId="8c84fa94-04c1-424b-9868-57a2d4851a1d" relativeResultsDirectory="5a33ecc2-3434-4bf2-9599-7591d15979ca" />
    <UnitTestResult executionId="21f37a8f-5e52-4566-ab9d-fee8f2282220" testId="ff0cfdd6-4cbc-454f-50ff-8376160aab0e" testName="QuizApp.Tests.FileAssessmentRepositoryTests.Repository_loads_and_validates_new_assessment_content(assessmentId: &quot;dsa-stacks-queues-quiz&quot;)" computerName="DESKTOP-BQQQ8FP" duration="00:00:00.0247811" startTime="2026-09-07T06:07:59.3080517-04:00" endTime="2026-09-07T06:07:59.3080518-04:00" testType="13cdc9d9-ddb5-4fa4-a97d-d965ccfc6d4b" outcome="Failed" testListId="8c84fa94-04c1-424b-9868-57a2d4851a1d" relativeResultsDirectory="21f37a8f-5e52-4566-ab9d-fee8f2282220">
      <Output>
        <ErrorInfo>
          <Message>Activity type 'quiz' is not valid for learning goal 'evaluate'.; Assessment type must be quiz, test, workedExample, guidedProject, recallDrill, glossary, conceptLesson, interactiveExploration, directedProject, or sandbox.; Multiple choice questions must include choices.; Multiple choice answer choiceId must match a choice.</Message>
          <StackTrace>   at QuizApp.Tests.FileAssessmentRepositoryTests.Repository_loads_and_validates_new_assessment_content(String assessmentId) in C:\Users\SeanS\Downloads\cir_app_antigravity\backend\tests\QuizApp.Tests\FileAssessmentRepositoryTests.cs:line 932&#xD;
--- End of stack trace from previous location ---</StackTrace>
        </ErrorInfo>
      </Output>
    </UnitTestResult>
    <UnitTestResult executionId="bf9e1612-be39-4430-8cd4-2dfda2ae35c8" testId="7b15d9ad-a8d6-24c2-31a5-10c0c73cf9cb" testName="QuizApp.Tests.FileAssessmentRepositoryTests.Repository_loads_and_validates_new_assessment_content(assessmentId: &quot;calc1-lhopital-rule-concept-lesson&quot;)" computerName="DESKTOP-BQQQ8FP" duration="00:00:00.0250926" startTime="2026-09-07T06:07:52.1066908-04:00" endTime="2026-09-07T06:07:52.1066911-04:00" testType="13cdc9d9-ddb5-4fa4-a97d-d965ccfc6d4b" outcome="Passed" testListId="8c84fa94-04c1-424b-9868-57a2d4851a1d" relativeResultsDirectory="bf9e1612-be39-4430-8cd4-2dfda2ae35c8" />
    <UnitTestResult executionId="23c7c172-55fd-4b2f-8808-3453cad0fc45" testId="d0db5ceb-80e1-ef40-c4bd-4c58cfef239f" testName="QuizApp.Tests.FileAssessmentRepositoryTests.Repository_loads_and_validates_new_assessment_content(assessmentId: &quot;calc2-volume-methods-review-easy-test-s2c&quot;)" computerName="DESKTOP-BQQQ8FP" duration="00:00:00.0249148" startTime="2026-09-07T06:08:00.3934307-04:00" endTime="2026-09-07T06:08:00.3934309-04:00" testType="13cdc9d9-ddb5-4fa4-a97d-d965ccfc6d4b" outcome="Passed" testListId="8c84fa94-04c1-424b-9868-57a2d4851a1d" relativeResultsDirectory="23c7c172-55fd-4b2f-8808-3453cad0fc45" />
    <UnitTestResult executionId="96e737d5-6572-4d78-92b5-8fe27b7ff9d8" testId="8e85f3d6-ec32-2baa-9444-f5b1d944171a" testName="QuizApp.Tests.FileAssessmentRepositoryTests.Repository_loads_and_validates_new_assessment_content(assessmentId: &quot;os-scheduling-hard-quiz&quot;)" computerName="DESKTOP-BQQQ8FP" duration="00:00:00.1071314" startTime="2026-09-07T06:07:46.1744727-04:00" endTime="2026-09-07T06:07:46.1744732-04:00" testType="13cdc9d9-ddb5-4fa4-a97d-d965ccfc6d4b" outcome="Passed" testListId="8c84fa94-04c1-424b-9868-57a2d4851a1d" relativeResultsDirectory="96e737d5-6572-4d78-92b5-8fe27b7ff9d8" />
    <UnitTestResult executionId="038644ed-f335-47e5-a23e-3e324f4ebb1c" testId="d5855913-4925-48f3-9205-be53bb4049f8" testName="QuizApp.Tests.FileAssessmentRepositoryTests.Repository_loads_and_validates_new_assessment_content(assessmentId: &quot;os-unix-linux-android-deep-concept-lesson&quot;)" computerName="DESKTOP-BQQQ8FP" duration="00:00:00.0210795" startTime="2026-09-07T06:07:58.2524039-04:00" endTime="2026-09-07T06:07:58.2524040-04:00" testType="13cdc9d9-ddb5-4fa4-a97d-d965ccfc6d4b" outcome="Passed" testListId="8c84fa94-04c1-424b-9868-57a2d4851a1d" relativeResultsDirectory="038644ed-f335-47e5-a23e-3e324f4ebb1c" />
    <UnitTestResult executionId="4fc808dd-6197-4440-bfa2-e9c7096bec02" testId="ae02f322-66eb-9d1a-7015-54bc3f93e461" testName="QuizApp.Tests.FileAssessmentRepositoryTests.Repository_loads_and_validates_new_assessment_content(assessmentId: &quot;dsa-trees-indexes-concept-lesson&quot;)" computerName="DESKTOP-BQQQ8FP" duration="00:00:00.0357050" startTime="2026-09-07T06:08:05.9210597-04:00" endTime="2026-09-07T06:08:05.9210598-04:00" testType="13cdc9d9-ddb5-4fa4-a97d-d965ccfc6d4b" outcome="Passed" testListId="8c84fa94-04c1-424b-9868-57a2d4851a1d" relativeResultsDirectory="4fc808dd-6197-4440-bfa2-e9c7096bec02" />
    <UnitTestResult executionId="de090894-d5c1-4758-8ccf-e3fbf883a783" testId="2ff3218c-cfef-f42b-bf12-1a654a858a31" testName="QuizApp.Tests.FileAssessmentRepositoryTests.Repository_loads_and_validates_new_assessment_content(assessmentId: &quot;calc2-geometric-telescoping-series-concept-lesson&quot;)" computerName="DESKTOP-BQQQ8FP" duration="00:00:00.0182726" startTime="2026-09-07T06:08:06.8088358-04:00" endTime="2026-09-07T06:08:06.8088360-04:00" testType="13cdc9d9-ddb5-4fa4-a97d-d965ccfc6d4b" outcome="Passed" testListId="8c84fa94-04c1-424b-9868-57a2d4851a1d" relativeResultsDirectory="de090894-d5c1-4758-8ccf-e3fbf883a783" />
    <UnitTestResult executionId="bc544868-10c5-4741-96d3-56c45a8eb46f" testId="cad04e16-3058-b906-b96c-9cc9f53e266d" testName="QuizApp.Tests.FileAssessmentRepositoryTests.Repository_loads_and_validates_new_assessment_content(assessmentId: &quot;mathematical-literacy-notation-recall&quot;)" computerName="DESKTOP-BQQQ8FP" duration="00:00:00.0488576" startTime="2026-09-07T06:07:47.6086110-04:00" endTime="2026-09-07T06:07:47.6086113-04:00" testType="13cdc9d9-ddb5-4fa4-a97d-d965ccfc6d4b" outcome="Passed" testListId="8c84fa94-04c1-424b-9868-57a2d4851a1d" relativeResultsDirectory="bc544868-10c5-4741-96d3-56c45a8eb46f" />
    <UnitTestResult executionId="fdbf069d-3b12-4a83-8633-b751a39c9f21" testId="17e69cbf-3b58-7ed8-987a-04d42178b133" testName="QuizApp.Tests.FileAssessmentRepositoryTests.Repository_loads_and_validates_new_assessment_content(assessmentId: &quot;os-operating-system-design-glossary&quot;)" computerName="DESKTOP-BQQQ8FP" duration="00:00:00.0223175" startTime="2026-09-07T06:07:59.5978515-04:00" endTime="2026-09-07T06:07:59.5978515-04:00" testType="13cdc9d9-ddb5-4fa4-a97d-d965ccfc6d4b" outcome="Passed" testListId="8c84fa94-04c1-424b-9868-57a2d4851a1d" relativeResultsDirectory="fdbf069d-3b12-4a83-8633-b751a39c9f21" />
    <UnitTestResult executionId="53b4c90e-b02d-40d1-adb1-e12e41dbc89b" testId="a86e17b7-5656-5594-e2a5-36ef5102a3fb" testName="QuizApp.Tests.FileAssessmentRepositoryTests.Repository_loads_and_validates_new_assessment_content(assessmentId: &quot;calc2-trig-integrals-strategy-recall&quot;)" computerName="DESKTOP-BQQQ8FP" duration="00:00:00.0197220" startTime="2026-09-07T06:07:49.9323828-04:00" endTime="2026-09-07T06:07:49.9323835-04:00" testType="13cdc9d9-ddb5-4fa4-a97d-d965ccfc6d4b" outcome="Passed" testListId="8c84fa94-04c1-424b-9868-57a2d4851a1d" relativeResultsDirectory="53b4c90e-b02d-40d1-adb1-e12e41dbc89b" />
    <UnitTestResult executionId="0c0e0828-638b-49fd-b687-9e52632eb8b6" testId="9a96124a-3218-cb0e-e716-d920f1626b26" testName="QuizApp.Tests.FileAssessmentRepositoryTests.Repository_loads_and_validates_new_assessment_content(assessmentId: &quot;calc2-arc-length-surface-area-concept-lesson-s2c&quot;)" computerName="DESKTOP-BQQQ8FP" duration="00:00:00.0236622" startTime="2026-09-07T06:08:06.4955238-04:00" endTime="2026-09-07T06:08:06.4955240-04:00" testType="13cdc9d9-ddb5-4fa4-a97d-d965ccfc6d4b" outcome="Passed" testListId="8c84fa94-04c1-424b-9868-57a2d4851a1d" relativeResultsDirectory="0c0e0828-638b-49fd-b687-9e52632eb8b6" />
    <UnitTestResult executionId="5a1fa191-641d-4578-93ca-9d3828c21ed8" testId="9d9adc7b-ca20-ce37-3ded-c9e29d4e6422" testName="QuizApp.Tests.FileAssessmentRepositoryTests.Repository_loads_and_validates_new_assessment_content(assessmentId: &quot;aops-identity-engineering-concept-lesson&quot;)" computerName="DESKTOP-BQQQ8FP" duration="00:00:00.0215421" startTime="2026-09-07T06:08:00.7676810-04:00" endTime="2026-09-07T06:08:00.7676812-04:00" testType="13cdc9d9-ddb5-4fa4-a97d-d965ccfc6d4b" outcome="Passed" testListId="8c84fa94-04c1-424b-9868-57a2d4851a1d" relativeResultsDirectory="5a1fa191-641d-4578-93ca-9d3828c21ed8" />
    <UnitTestResult executionId="05fa08c6-b907-42f6-8108-06320d1e25a7" testId="d7687c18-80ef-6d03-0db3-9fc605a0c775" testName="QuizApp.Tests.FileAssessmentRepositoryTests.Repository_loads_and_validates_new_assessment_content(assessmentId: &quot;os-ipc-synchronization-quiz&quot;)" computerName="DESKTOP-BQQQ8FP" duration="00:00:00.0292243" startTime="2026-09-07T06:07:53.3311091-04:00" endTime="2026-09-07T06:07:53.3311095-04:00" testType="13cdc9d9-ddb5-4fa4-a97d-d965ccfc6d4b" outcome="Passed" testListId="8c84fa94-04c1-424b-9868-57a2d4851a1d" relativeResultsDirectory="05fa08c6-b907-42f6-8108-06320d1e25a7" />
    <UnitTestResult executionId="d94640e1-a887-408c-b37a-e2c5d1067c0a" testId="27e17128-5f94-1072-5212-861970a5f868" testName="QuizApp.Tests.FileAssessmentRepositoryTests.Repository_loads_and_validates_new_assessment_content(assessmentId: &quot;calc2-arc-length-surface-area-worked-examples-s2c&quot;)" computerName="DESKTOP-BQQQ8FP" duration="00:00:00.0973464" startTime="2026-09-07T06:07:44.2513986-04:00" endTime="2026-09-07T06:07:44.2513990-04:00" testType="13cdc9d9-ddb5-4fa4-a97d-d965ccfc6d4b" outcome="Passed" testListId="8c84fa94-04c1-424b-9868-57a2d4851a1d" relativeResultsDirectory="d94640e1-a887-408c-b37a-e2c5d1067c0a" />
    <UnitTestResult executionId="84a3e472-369d-498b-a835-e738bfe2f8e5" testId="a68a6de4-eae1-fa61-ef74-757d318182bc" testName="QuizApp.Tests.FileAssessmentRepositoryTests.Repository_loads_and_validates_new_assessment_content(assessmentId: &quot;os-introduction-system-calls-scenario-worked-examp&quot;···)" computerName="DESKTOP-BQQQ8FP" duration="00:00:00.0193278" startTime="2026-09-07T06:07:58.5332970-04:00" endTime="2026-09-07T06:07:58.5332971-04:00" testType="13cdc9d9-ddb5-4fa4-a97d-d965ccfc6d4b" outcome="Passed" testListId="8c84fa94-04c1-424b-9868-57a2d4851a1d" relativeResultsDirectory="84a3e472-369d-498b-a835-e738bfe2f8e5" />
    <UnitTestResult executionId="ed1664e8-7669-4431-9645-aa8b59977dc5" testId="0e6d50b1-ede3-50f0-ddbe-a7fa11dad2a2" testName="QuizApp.Tests.FileAssessmentRepositoryTests.Repository_loads_and_validates_new_assessment_content(assessmentId: &quot;motion-in-space-quiz-s2c&quot;)" computerName="DESKTOP-BQQQ8FP" duration="00:00:00.0292064" startTime="2026-09-07T06:07:53.4344037-04:00" endTime="2026-09-07T06:07:53.4344039-04:00" testType="13cdc9d9-ddb5-4fa4-a97d-d965ccfc6d4b" outcome="Passed" testListId="8c84fa94-04c1-424b-9868-57a2d4851a1d" relativeResultsDirectory="ed1664e8-7669-4431-9645-aa8b59977dc5" />
    <UnitTestResult executionId="fc1d75a6-a2a0-4995-bd32-ba0492402753" testId="5f7c0853-bb6e-2ec0-456e-8863d4d0d19f" testName="QuizApp.Tests.FileAssessmentRepositoryTests.Repository_loads_and_validates_new_assessment_content(assessmentId: &quot;os-operating-system-design-test&quot;)" computerName="DESKTOP-BQQQ8FP" duration="00:00:00.0229176" startTime="2026-09-07T06:07:58.6486255-04:00" endTime="2026-09-07T06:07:58.6486257-04:00" testType="13cdc9d9-ddb5-4fa4-a97d-d965ccfc6d4b" outcome="Passed" testListId="8c84fa94-04c1-424b-9868-57a2d4851a1d" relativeResultsDirectory="fc1d75a6-a2a0-4995-bd32-ba0492402753" />
    <UnitTestResult executionId="34eb3182-df71-45f3-a4f9-06baf8d5ad71" testId="1acf0de1-85e6-e097-336e-e5d22d9de111" testName="QuizApp.Tests.FileAssessmentRepositoryTests.Repository_loads_and_validates_new_assessment_content(assessmentId: &quot;calc2-polar-curves-concept-lesson-s2c&quot;)" computerName="DESKTOP-BQQQ8FP" duration="00:00:00.0239754" startTime="2026-09-07T06:07:52.3717189-04:00" endTime="2026-09-07T06:07:52.3717192-04:00" testType="13cdc9d9-ddb5-4fa4-a97d-d965ccfc6d4b" outcome="Passed" testListId="8c84fa94-04c1-424b-9868-57a2d4851a1d" relativeResultsDirectory="34eb3182-df71-45f3-a4f9-06baf8d5ad71" />
    <UnitTestResult executionId="7c9e84c4-4ce3-4194-99ac-ff7ad8df5f32" testId="5d234713-fbff-fef6-8370-98380e23b8b0" testName="QuizApp.Tests.FileAssessmentRepositoryTests.Repository_loads_and_validates_new_assessment_content(assessmentId: &quot;os-scheduling-glossary&quot;)" computerName="DESKTOP-BQQQ8FP" duration="00:00:00.0368077" startTime="2026-09-07T06:07:47.8307702-04:00" endTime="2026-09-07T06:07:47.8307710-04:00" testType="13cdc9d9-ddb5-4fa4-a97d-d965ccfc6d4b" outcome="Passed" testListId="8c84fa94-04c1-424b-9868-57a2d4851a1d" relativeResultsDirectory="7c9e84c4-4ce3-4194-99ac-ff7ad8df5f32" />
    <UnitTestResult executionId="59db3be0-5c20-44c1-b571-745e3700e0d9" testId="f03518d0-0d0b-fe67-ca7c-5228882bb060" testName="QuizApp.Tests.FileAssessmentRepositoryTests.Repository_loads_and_validates_new_assessment_content(assessmentId: &quot;os-memory-management-deep-concept-lesson&quot;)" computerName="DESKTOP-BQQQ8FP" duration="00:00:00.0310947" startTime="2026-09-07T06:07:59.7163151-04:00" endTime="2026-09-07T06:07:59.7163154-04:00" testType="13cdc9d9-ddb5-4fa4-a97d-d965ccfc6d4b" outcome="Passed" testListId="8c84fa94-04c1-424b-9868-57a2d4851a1d" relativeResultsDirectory="59db3be0-5c20-44c1-b571-745e3700e0d9" />
    <UnitTestResult executionId="b4c83b0b-4d71-47dd-8d29-248d90cb9c61" testId="3010424d-0284-59fb-e48a-3a90e7c5b168" testName="QuizApp.Tests.FileAssessmentRepositoryTests.Repository_loads_and_validates_new_assessment_content(assessmentId: &quot;os-file-systems-deep-concept-lesson&quot;)" computerName="DESKTOP-BQQQ8FP" duration="00:00:00.0239256" startTime="2026-09-07T06:07:49.3494170-04:00" endTime="2026-09-07T06:07:49.3494177-04:00" testType="13cdc9d9-ddb5-4fa4-a97d-d965ccfc6d4b" outcome="Passed" testListId="8c84fa94-04c1-424b-9868-57a2d4851a1d" relativeResultsDirectory="b4c83b0b-4d71-47dd-8d29-248d90cb9c61" />
    <UnitTestResult executionId="fa22d180-b0b6-41ba-bb63-cd4f0b8e4bf5" testId="52a93259-183f-794c-b454-db564f7bc35d" testName="QuizApp.Tests.FileAssessmentRepositoryTests.Repository_loads_and_validates_new_assessment_content(assessmentId: &quot;os-windows-case-study-test&quot;)" computerName="DESKTOP-BQQQ8FP" duration="00:00:00.0213626" startTime="2026-09-07T06:07:50.9629106-04:00" endTime="2026-09-07T06:07:50.9629125-04:00" testType="13cdc9d9-ddb5-4fa4-a97d-d965ccfc6d4b" outcome="Passed" testListId="8c84fa94-04c1-424b-9868-57a2d4851a1d" relativeResultsDirectory="fa22d180-b0b6-41ba-bb63-cd4f0b8e4bf5" />
    <UnitTestResult executionId="ebec9de9-5946-4e5e-8f66-e889cdeabbc8" testId="eea8f245-7987-9e3c-5b57-ecaa8cad6fd9" testName="QuizApp.Tests.FileAssessmentRepositoryTests.Repository_loads_and_validates_new_assessment_content(assessmentId: &quot;dot-cross-products-recall-s2c&quot;)" computerName="DESKTOP-BQQQ8FP" duration="00:00:00.0180613" startTime="2026-09-07T06:07:49.5914707-04:00" endTime="2026-09-07T06:07:49.5914709-04:00" testType="13cdc9d9-ddb5-4fa4-a97d-d965ccfc6d4b" outcome="Passed" testListId="8c84fa94-04c1-424b-9868-57a2d4851a1d" relativeResultsDirectory="ebec9de9-5946-4e5e-8f66-e889cdeabbc8" />
    <UnitTestResult executionId="78e1e105-9fd0-468d-9353-acfa61bcd71d" testId="763ff9cf-6079-75d2-1c61-11922f5a3659" testName="QuizApp.Tests.FileAssessmentRepositoryTests.Repository_loads_and_validates_new_assessment_content(assessmentId: &quot;chemistry-binary-ionic-type-i-naming-quiz&quot;)" computerName="DESKTOP-BQQQ8FP" duration="00:00:00.0280399" startTime="2026-09-07T06:07:58.5809731-04:00" endTime="2026-09-07T06:07:58.5809733-04:00" testType="13cdc9d9-ddb5-4fa4-a97d-d965ccfc6d4b" outcome="Passed" testListId="8c84fa94-04c1-424b-9868-57a2d4851a1d" relativeResultsDirectory="78e1e105-9fd0-468d-9353-acfa61bcd71d" />
    <UnitTestResult executionId="39554f31-5bcd-43c0-8d28-33eff7c3b65d" testId="55e5bd84-33b8-7c9d-5264-369497df1bf6" testName="QuizApp.Tests.FileAssessmentRepositoryTests.Repository_loads_and_validates_new_assessment_content(assessmentId: &quot;dsa-dynamic-greedy-concept-lesson&quot;)" computerName="DESKTOP-BQQQ8FP" duration="00:00:00.0226313" startTime="2026-09-07T06:07:52.0171196-04:00" endTime="2026-09-07T06:07:52.0171199-04:00" testType="13cdc9d9-ddb5-4fa4-a97d-d965ccfc6d4b" outcome="Passed" testListId="8c84fa94-04c1-424b-9868-57a2d4851a1d" relativeResultsDirectory="39554f31-5bcd-43c0-8d28-33eff7c3b65d" />
    <UnitTestResult executionId="83d46be4-e578-4b4e-bef1-845a1c4ab796" testId="70f809ba-1044-788b-fabb-1cd9ca65e61e" testName="QuizApp.Tests.FileAssessmentRepositoryTests.Repository_loads_and_validates_new_assessment_content(assessmentId: &quot;physics-forces-vectors-no-friction-worked-example&quot;)" computerName="DESKTOP-BQQQ8FP" duration="00:00:00.0252702" startTime="2026-09-07T06:07:49.3033325-04:00" endTime="2026-09-07T06:07:49.3033328-04:00" testType="13cdc9d9-ddb5-4fa4-a97d-d965ccfc6d4b" outcome="Passed" testListId="8c84fa94-04c1-424b-9868-57a2d4851a1d" relativeResultsDirectory="83d46be4-e578-4b4e-bef1-845a1c4ab796" />
    <UnitTestResult executionId="3b9c8138-3236-4a99-b206-34cf2ac6f4fd" testId="37fef2db-4b06-8339-8740-027a978615bf" testName="QuizApp.Tests.FileAssessmentRepositoryTests.Repository_loads_and_validates_new_assessment_content(assessmentId: &quot;physics-constant-angular-acceleration-test-easy&quot;)" computerName="DESKTOP-BQQQ8FP" duration="00:00:00.0289788" startTime="2026-09-07T06:08:05.2944138-04:00" endTime="2026-09-07T06:08:05.2944141-04:00" testType="13cdc9d9-ddb5-4fa4-a97d-d965ccfc6d4b" outcome="Passed" testListId="8c84fa94-04c1-424b-9868-57a2d4851a1d" relativeResultsDirectory="3b9c8138-3236-4a99-b206-34cf2ac6f4fd" />
    <UnitTestResult executionId="cbe4ee40-2b5d-4f96-8f9e-ccaa27a4e749" testId="e3e753c6-3f98-4095-0d29-3ff93cdd6b28" testName="QuizApp.Tests.FileAssessmentRepositoryTests.Repository_loads_and_validates_new_assessment_content(assessmentId: &quot;calc2-parametric-integrals-glossary-s2c&quot;)" computerName="DESKTOP-BQQQ8FP" duration="00:00:00.0154228" startTime="2026-09-07T06:07:51.1930381-04:00" endTime="2026-09-07T06:07:51.1930383-04:00" testType="13cdc9d9-ddb5-4fa4-a97d-d965ccfc6d4b" outcome="Passed" testListId="8c84fa94-04c1-424b-9868-57a2d4851a1d" relativeResultsDirectory="cbe4ee40-2b5d-4f96-8f9e-ccaa27a4e749" />
    <UnitTestResult executionId="287e7a9e-8289-4575-a68b-27cd58756198" testId="0967e289-99d8-6b3d-e368-6185376cad44" testName="QuizApp.Tests.FileAssessmentRepositoryTests.Repository_loads_and_validates_new_assessment_content(assessmentId: &quot;os-ipc-synchronization-deep-concept-lesson&quot;)" computerName="DESKTOP-BQQQ8FP" duration="00:00:00.0321011" startTime="2026-09-07T06:07:51.8352000-04:00" endTime="2026-09-07T06:07:51.8352005-04:00" testType="13cdc9d9-ddb5-4fa4-a97d-d965ccfc6d4b" outcome="Passed" testListId="8c84fa94-04c1-424b-9868-57a2d4851a1d" relativeResultsDirectory="287e7a9e-8289-4575-a68b-27cd58756198" />
    <UnitTestResult executionId="5c74750b-2d5e-4e93-be7c-14a0fa0b31ee" testId="1d0cab8a-17ef-7996-64ea-b1e01a820934" testName="QuizApp.Tests.FileAssessmentRepositoryTests.Repository_loads_and_validates_new_assessment_content(assessmentId: &quot;physics-torque-quiz-hard&quot;)" computerName="DESKTOP-BQQQ8FP" duration="00:00:00.1457896" startTime="2026-09-07T06:07:47.0209048-04:00" endTime="2026-09-07T06:07:47.0209050-04:00" testType="13cdc9d9-ddb5-4fa4-a97d-d965ccfc6d4b" outcome="Passed" testListId="8c84fa94-04c1-424b-9868-57a2d4851a1d" relativeResultsDirectory="5c74750b-2d5e-4e93-be7c-14a0fa0b31ee" />
    <UnitTestResult executionId="d3cfd3ef-8746-4d42-9263-cd0c2d38704c" testId="debeaae6-14aa-9e6e-adc6-92a81864546b" testName="QuizApp.Tests.FileAssessmentRepositoryTests.Repository_loads_and_validates_new_assessment_content(assessmentId: &quot;caa-integer-elementary-functions-worked-example&quot;)" computerName="DESKTOP-BQQQ8FP" duration="00:00:00.0197666" startTime="2026-09-07T06:07:52.7783910-04:00" endTime="2026-09-07T06:07:52.7783914-04:00" testType="13cdc9d9-ddb5-4fa4-a97d-d965ccfc6d4b" outcome="Passed" testListId="8c84fa94-04c1-424b-9868-57a2d4851a1d" relativeResultsDirectory="d3cfd3ef-8746-4d42-9263-cd0c2d38704c" />
    <UnitTestResult executionId="cc026d5b-32bd-458d-8872-b654084642e2" testId="386d6b5b-c20f-f8a4-7c31-8dd6c44c8e0a" testName="QuizApp.Tests.FileAssessmentRepositoryTests.Repository_loads_and_validates_new_assessment_content(assessmentId: &quot;mathematical-literacy-proofs-recall&quot;)" computerName="DESKTOP-BQQQ8FP" duration="00:00:00.0202345" startTime="2026-09-07T06:07:48.4249405-04:00" endTime="2026-09-07T06:07:48.4249406-04:00" testType="13cdc9d9-ddb5-4fa4-a97d-d965ccfc6d4b" outcome="Passed" testListId="8c84fa94-04c1-424b-9868-57a2d4851a1d" relativeResultsDirectory="cc026d5b-32bd-458d-8872-b654084642e2" />
    <UnitTestResult executionId="3557829b-29eb-4204-905d-1ec8fe536a2e" testId="2f863ea0-0558-b574-055d-a1d445692c92" testName="QuizApp.Tests.FileAssessmentRepositoryTests.Repository_loads_and_validates_new_assessment_content(assessmentId: &quot;calc2-infinite-series-unit4-test-simulation&quot;)" computerName="DESKTOP-BQQQ8FP" duration="00:00:00.0417244" startTime="2026-09-07T06:08:00.8633183-04:00" endTime="2026-09-07T06:08:00.8633184-04:00" testType="13cdc9d9-ddb5-4fa4-a97d-d965ccfc6d4b" outcome="Passed" testListId="8c84fa94-04c1-424b-9868-57a2d4851a1d" relativeResultsDirectory="3557829b-29eb-4204-905d-1ec8fe536a2e" />
    <UnitTestResult executionId="1f32e377-4542-4a53-be5e-013dd802a3af" testId="644d01e0-8ec0-15a6-e50a-eb06e07aaabc" testName="QuizApp.Tests.FileAssessmentRepositoryTests.Repository_loads_and_validates_new_assessment_content(assessmentId: &quot;geometry-triangle-similarity-worked-example-2&quot;)" computerName="DESKTOP-BQQQ8FP" duration="00:00:00.0189504" startTime="2026-09-07T06:08:00.2302187-04:00" endTime="2026-09-07T06:08:00.2302189-04:00" testType="13cdc9d9-ddb5-4fa4-a97d-d965ccfc6d4b" outcome="Passed" testListId="8c84fa94-04c1-424b-9868-57a2d4851a1d" relativeResultsDirectory="1f32e377-4542-4a53-be5e-013dd802a3af" />
    <UnitTestResult executionId="8a898ad5-b99a-4fd7-b2a3-012cb9bd201d" testId="b6fd9710-d7d8-a1cb-356d-c69fb6a0b47f" testName="QuizApp.Tests.FileAssessmentRepositoryTests.Repository_loads_and_validates_new_assessment_content(assessmentId: &quot;caa-bitwise-fundamentals-concept-lesson&quot;)" computerName="DESKTOP-BQQQ8FP" duration="00:00:00.0197467" startTime="2026-09-07T06:08:00.9285431-04:00" endTime="2026-09-07T06:08:00.9285433-04:00" testType="13cdc9d9-ddb5-4fa4-a97d-d965ccfc6d4b" outcome="Passed" testListId="8c84fa94-04c1-424b-9868-57a2d4851a1d" relativeResultsDirectory="8a898ad5-b99a-4fd7-b2a3-012cb9bd201d" />
    <UnitTestResult executionId="7cb0f52b-abbf-42b7-8c80-cfbad1fabe74" testId="21b58f19-3eed-501c-d063-25d2a0c4f2f3" testName="QuizApp.Tests.FileAssessmentRepositoryTests.Repository_loads_and_validates_new_assessment_content(assessmentId: &quot;calc2-cylindrical-shells-glossary-s2c&quot;)" computerName="DESKTOP-BQQQ8FP" duration="00:00:00.1068844" startTime="2026-09-07T06:07:43.8764404-04:00" endTime="2026-09-07T06:07:43.8764407-04:00" testType="13cdc9d9-ddb5-4fa4-a97d-d965ccfc6d4b" outcome="Passed" testListId="8c84fa94-04c1-424b-9868-57a2d4851a1d" relativeResultsDirectory="7cb0f52b-abbf-42b7-8c80-cfbad1fabe74" />
    <UnitTestResult executionId="5fbec529-b712-46fe-9729-58541409a996" testId="a2089b9d-5296-df68-4d5c-cfb2d1902224" testName="QuizApp.Tests.FileAssessmentRepositoryTests.Repository_loads_and_validates_new_assessment_content(assessmentId: &quot;calc2-polar-calculus-area-worked-examples-s2c&quot;)" computerName="DESKTOP-BQQQ8FP" duration="00:00:00.0274114" startTime="2026-09-07T06:07:50.1875731-04:00" endTime="2026-09-07T06:07:50.1875734-04:00" testType="13cdc9d9-ddb5-4fa4-a97d-d965ccfc6d4b" outcome="Passed" testListId="8c84fa94-04c1-424b-9868-57a2d4851a1d" relativeResultsDirectory="5fbec529-b712-46fe-9729-58541409a996" />
    <UnitTestResult executionId="fbc9704b-a6b3-462e-b4f2-f47e95da2de6" testId="267295e1-36ff-13b3-3009-d5f0f482f3da" testName="QuizApp.Tests.FileAssessmentRepositoryTests.Repository_loads_and_validates_new_assessment_content(assessmentId: &quot;os-introduction-system-calls-test&quot;)" computerName="DESKTOP-BQQQ8FP" duration="00:00:00.0222868" startTime="2026-09-07T06:07:48.3224443-04:00" endTime="2026-09-07T06:07:48.3224448-04:00" testType="13cdc9d9-ddb5-4fa4-a97d-d965ccfc6d4b" outcome="Passed" testListId="8c84fa94-04c1-424b-9868-57a2d4851a1d" relativeResultsDirectory="fbc9704b-a6b3-462e-b4f2-f47e95da2de6" />
    <UnitTestResult executionId="d50fb20e-7d41-4b0b-a923-008eb02fbc6d" testId="2d443201-866a-01cd-5be0-1111aab8596d" testName="QuizApp.Tests.FileAssessmentRepositoryTests.Repository_loads_and_validates_new_assessment_content(assessmentId: &quot;calc2-power-series-family-tree-glossary&quot;)" computerName="DESKTOP-BQQQ8FP" duration="00:00:00.0179193" startTime="2026-09-07T06:07:49.1263999-04:00" endTime="2026-09-07T06:07:49.1264002-04:00" testType="13cdc9d9-ddb5-4fa4-a97d-d965ccfc6d4b" outcome="Passed" testListId="8c84fa94-04c1-424b-9868-57a2d4851a1d" relativeResultsDirectory="d50fb20e-7d41-4b0b-a923-008eb02fbc6d" />
    <UnitTestResult executionId="eb56c873-0ebf-4681-b08b-cf379a1435a1" testId="419227f6-5400-d07d-d805-1dfa0418462c" testName="QuizApp.Tests.FileAssessmentRepositoryTests.Repository_loads_and_validates_new_assessment_content(assessmentId: &quot;cpp-polymorphism-concept-lesson&quot;)" computerName="DESKTOP-BQQQ8FP" duration="00:00:00.0227485" startTime="2026-09-07T06:07:58.6255654-04:00" endTime="2026-09-07T06:07:58.6255655-04:00" testType="13cdc9d9-ddb5-4fa4-a97d-d965ccfc6d4b" outcome="Passed" testListId="8c84fa94-04c1-424b-9868-57a2d4851a1d" relativeResultsDirectory="eb56c873-0ebf-4681-b08b-cf379a1435a1" />
    <UnitTestResult executionId="21c7a3b6-3805-4f2b-8669-105c8f74ceb7" testId="25f3d0c0-74ec-a415-d363-f165dbe7a66e" testName="QuizApp.Tests.FileAssessmentRepositoryTests.Repository_loads_and_validates_new_assessment_content(assessmentId: &quot;calc2-arc-length-surface-area-recall-s2c&quot;)" computerName="DESKTOP-BQQQ8FP" duration="00:00:00.0177454" startTime="2026-09-07T06:07:59.3711950-04:00" endTime="2026-09-07T06:07:59.3711952-04:00" testType="13cdc9d9-ddb5-4fa4-a97d-d965ccfc6d4b" outcome="Passed" testListId="8c84fa94-04c1-424b-9868-57a2d4851a1d" relativeResultsDirectory="21c7a3b6-3805-4f2b-8669-105c8f74ceb7" />
    <UnitTestResult executionId="52801fe5-1a30-4347-a7cf-5080f615e9e0" testId="0ebb6341-2c2b-1df3-ddca-b18cf7d6270b" testName="QuizApp.Tests.FileAssessmentRepositoryTests.Repository_loads_and_validates_new_assessment_content(assessmentId: &quot;calc2-polar-curves-review-easy-test-s2c&quot;)" computerName="DESKTOP-BQQQ8FP" duration="00:00:00.0276500" startTime="2026-09-07T06:07:53.3804115-04:00" endTime="2026-09-07T06:07:53.3804116-04:00" testType="13cdc9d9-ddb5-4fa4-a97d-d965ccfc6d4b" outcome="Passed" testListId="8c84fa94-04c1-424b-9868-57a2d4851a1d" relativeResultsDirectory="52801fe5-1a30-4347-a7cf-5080f615e9e0" />
    <UnitTestResult executionId="4e46e641-ff5a-491e-bd74-05dddabfa164" testId="8eec3205-79e8-b462-45f4-560356bd78f2" testName="QuizApp.Tests.FileAssessmentRepositoryTests.Repository_loads_and_validates_new_assessment_content(assessmentId: &quot;operating-systems-cumulative-review-test&quot;)" computerName="DESKTOP-BQQQ8FP" duration="00:00:00.0189679" startTime="2026-09-07T06:08:07.1845040-04:00" endTime="2026-09-07T06:08:07.1845041-04:00" testType="13cdc9d9-ddb5-4fa4-a97d-d965ccfc6d4b" outcome="Passed" testListId="8c84fa94-04c1-424b-9868-57a2d4851a1d" relativeResultsDirectory="4e46e641-ff5a-491e-bd74-05dddabfa164" />
    <UnitTestResult executionId="de8f5fde-8e99-4237-be9a-d53487ac4b6c" testId="0cf58504-7ece-7d12-99af-4e1a0fbef66a" testName="QuizApp.Tests.FileAssessmentRepositoryTests.Repository_loads_and_validates_new_assessment_content(assessmentId: &quot;os-virtual-memory-recall&quot;)" computerName="DESKTOP-BQQQ8FP" duration="00:00:00.0166210" startTime="2026-09-07T06:08:00.1409956-04:00" endTime="2026-09-07T06:08:00.1409957-04:00" testType="13cdc9d9-ddb5-4fa4-a97d-d965ccfc6d4b" outcome="Passed" testListId="8c84fa94-04c1-424b-9868-57a2d4851a1d" relativeResultsDirectory="de8f5fde-8e99-4237-be9a-d53487ac4b6c" />
    <UnitTestResult executionId="851b4ccf-5db2-4f91-b417-24ceb7e8e47d" testId="2ff7383d-1d2e-f002-009a-355b6f4323e6" testName="QuizApp.Tests.FileAssessmentRepositoryTests.Repository_loads_and_validates_new_assessment_content(assessmentId: &quot;os-file-systems-recall&quot;)" computerName="DESKTOP-BQQQ8FP" duration="00:00:00.0408257" startTime="2026-09-07T06:07:49.1083402-04:00" endTime="2026-09-07T06:07:49.1083405-04:00" testType="13cdc9d9-ddb5-4fa4-a97d-d965ccfc6d4b" outcome="Passed" testListId="8c84fa94-04c1-424b-9868-57a2d4851a1d" relativeResultsDirectory="851b4ccf-5db2-4f91-b417-24ceb7e8e47d" />
    <UnitTestResult executionId="bf92036a-f21a-4990-872f-11b6d46b99fb" testId="028d0b11-db93-e1ef-86d6-f7a9893dde94" testName="QuizApp.Tests.FileAssessmentRepositoryTests.Repository_loads_and_validates_new_assessment_content(assessmentId: &quot;operating-systems-virtualization-parallel-security&quot;···)" computerName="DESKTOP-BQQQ8FP" duration="00:00:00.1263051" startTime="2026-09-07T06:07:47.3020473-04:00" endTime="2026-09-07T06:07:47.3020475-04:00" testType="13cdc9d9-ddb5-4fa4-a97d-d965ccfc6d4b" outcome="Passed" testListId="8c84fa94-04c1-424b-9868-57a2d4851a1d" relativeResultsDirectory="bf92036a-f21a-4990-872f-11b6d46b99fb" />
    <UnitTestResult executionId="7343a044-8aad-4937-ba65-83722c16081c" testId="805eda1c-bc9b-6b30-23f0-8d673add4420" testName="QuizApp.Tests.FileAssessmentRepositoryTests.Repository_loads_and_validates_new_assessment_content(assessmentId: &quot;calc2-cylindrical-shells-concept-lesson-s2c&quot;)" computerName="DESKTOP-BQQQ8FP" duration="00:00:00.0384353" startTime="2026-09-07T06:07:52.4556196-04:00" endTime="2026-09-07T06:07:52.4556198-04:00" testType="13cdc9d9-ddb5-4fa4-a97d-d965ccfc6d4b" outcome="Passed" testListId="8c84fa94-04c1-424b-9868-57a2d4851a1d" relativeResultsDirectory="7343a044-8aad-4937-ba65-83722c16081c" />
    <UnitTestResult executionId="cef0a9d2-539b-4543-8f35-6ee89bbf151e" testId="156b129c-6fdb-7868-bb62-0e25c3e35078" testName="QuizApp.Tests.FileAssessmentRepositoryTests.Repository_loads_and_validates_new_assessment_content(assessmentId: &quot;calc2-arc-length-surface-area-easy-quiz-s2c&quot;)" computerName="DESKTOP-BQQQ8FP" duration="00:00:00.0213132" startTime="2026-09-07T06:08:07.0455672-04:00" endTime="2026-09-07T06:08:07.0455674-04:00" testType="13cdc9d9-ddb5-4fa4-a97d-d965ccfc6d4b" outcome="Passed" testListId="8c84fa94-04c1-424b-9868-57a2d4851a1d" relativeResultsDirectory="cef0a9d2-539b-4543-8f35-6ee89bbf151e" />
    <UnitTestResult executionId="27415d87-8ab9-4c00-a1b0-ad6ac41414a2" testId="f696a135-536b-be07-30a8-a29827899989" testName="QuizApp.Tests.FileAssessmentRepositoryTests.Repository_loads_and_validates_new_assessment_content(assessmentId: &quot;caa-popcount-bit-scans-recall&quot;)" computerName="DESKTOP-BQQQ8FP" duration="00:00:00.0311792" startTime="2026-09-07T06:08:06.0189438-04:00" endTime="2026-09-07T06:08:06.0189441-04:00" testType="13cdc9d9-ddb5-4fa4-a97d-d965ccfc6d4b" outcome="Passed" testListId="8c84fa94-04c1-424b-9868-57a2d4851a1d" relativeResultsDirectory="27415d87-8ab9-4c00-a1b0-ad6ac41414a2" />
    <UnitTestResult executionId="53770db0-4fc9-4299-9715-e8fe5d417796" testId="a657222d-aa80-9794-e80d-d427f796d7c6" testName="QuizApp.Tests.FileAssessmentRepositoryTests.Repository_loads_and_validates_new_assessment_content(assessmentId: &quot;physics-calculating-moi-quiz-easy&quot;)" computerName="DESKTOP-BQQQ8FP" duration="00:00:00.0340036" startTime="2026-09-07T06:07:50.1061654-04:00" endTime="2026-09-07T06:07:50.1061655-04:00" testType="13cdc9d9-ddb5-4fa4-a97d-d965ccfc6d4b" outcome="Passed" testListId="8c84fa94-04c1-424b-9868-57a2d4851a1d" relativeResultsDirectory="53770db0-4fc9-4299-9715-e8fe5d417796" />
    <UnitTestResult executionId="6aa7960c-124e-47e9-ab39-dc0cb0a8b1aa" testId="914808eb-75ab-7874-560c-ddd168759d82" testName="QuizApp.Tests.FileAssessmentRepositoryTests.Repository_loads_and_validates_new_assessment_content(assessmentId: &quot;calc1-real-number-order-concept-lesson&quot;)" computerName="DESKTOP-BQQQ8FP" duration="00:00:00.0187448" startTime="2026-09-07T06:08:06.8790207-04:00" endTime="2026-09-07T06:08:06.8790209-04:00" testType="13cdc9d9-ddb5-4fa4-a97d-d965ccfc6d4b" outcome="Passed" testListId="8c84fa94-04c1-424b-9868-57a2d4851a1d" relativeResultsDirectory="6aa7960c-124e-47e9-ab39-dc0cb0a8b1aa" />
    <UnitTestResult executionId="c136b640-93c3-4df9-9c0c-573bd5811826" testId="b3d762f2-a0d3-5397-2a68-cce97ec7e8fd" testName="QuizApp.Tests.FileAssessmentRepositoryTests.Repository_loads_and_validates_new_assessment_content(assessmentId: &quot;vectors-recall-s2c&quot;)" computerName="DESKTOP-BQQQ8FP" duration="00:00:00.0221337" startTime="2026-09-07T06:07:49.5233536-04:00" endTime="2026-09-07T06:07:49.5233538-04:00" testType="13cdc9d9-ddb5-4fa4-a97d-d965ccfc6d4b" outcome="Passed" testListId="8c84fa94-04c1-424b-9868-57a2d4851a1d" relativeResultsDirectory="c136b640-93c3-4df9-9c0c-573bd5811826" />
    <UnitTestResult executionId="d002a744-258a-40b6-a7fb-82fa7cadcfe8" testId="017a96d5-60ff-99b7-78c3-375f7cf1ef45" testName="QuizApp.Tests.FileAssessmentRepositoryTests.Repository_loads_and_validates_new_assessment_content(assessmentId: &quot;vector-valued-functions-test-s2c&quot;)" computerName="DESKTOP-BQQQ8FP" duration="00:00:00.0226430" startTime="2026-09-07T06:07:51.1775193-04:00" endTime="2026-09-07T06:07:51.1775195-04:00" testType="13cdc9d9-ddb5-4fa4-a97d-d965ccfc6d4b" outcome="Passed" testListId="8c84fa94-04c1-424b-9868-57a2d4851a1d" relativeResultsDirectory="d002a744-258a-40b6-a7fb-82fa7cadcfe8" />
    <UnitTestResult executionId="d0435e7a-0aa2-447e-90ae-61dccea2e165" testId="6fd5d5d5-1bc2-7330-c12d-c4d4cc44848d" testName="QuizApp.Tests.FileAssessmentRepositoryTests.Repository_loads_and_validates_new_assessment_content(assessmentId: &quot;os-input-output-scenario-worked-example&quot;)" computerName="DESKTOP-BQQQ8FP" duration="00:00:00.1135628" startTime="2026-09-07T06:07:45.9227064-04:00" endTime="2026-09-07T06:07:45.9227090-04:00" testType="13cdc9d9-ddb5-4fa4-a97d-d965ccfc6d4b" outcome="Passed" testListId="8c84fa94-04c1-424b-9868-57a2d4851a1d" relativeResultsDirectory="d0435e7a-0aa2-447e-90ae-61dccea2e165" />
    <UnitTestResult executionId="254305a6-d96c-48bf-b0c5-730324a7ddc0" testId="1ef65acb-f046-2e98-b055-50ee356541cb" testName="QuizApp.Tests.FileAssessmentRepositoryTests.Repository_loads_and_validates_new_assessment_content(assessmentId: &quot;physics-relative-motion-harder-free-response&quot;)" computerName="DESKTOP-BQQQ8FP" duration="00:00:00.0213421" startTime="2026-09-07T06:07:49.9785777-04:00" endTime="2026-09-07T06:07:49.9785779-04:00" testType="13cdc9d9-ddb5-4fa4-a97d-d965ccfc6d4b" outcome="Passed" testListId="8c84fa94-04c1-424b-9868-57a2d4851a1d" relativeResultsDirectory="254305a6-d96c-48bf-b0c5-730324a7ddc0" />
    <UnitTestResult executionId="4c77d81f-7d29-48a1-8fba-11f5e3c4ae90" testId="b7a502a7-a906-efde-5cb4-fbbeb1b4d9dc" testName="QuizApp.Tests.FileAssessmentRepositoryTests.Repository_loads_and_validates_new_assessment_content(assessmentId: &quot;caa-integer-representation-worked-example&quot;)" computerName="DESKTOP-BQQQ8FP" duration="00:00:00.0191997" startTime="2026-09-07T06:07:49.4822692-04:00" endTime="2026-09-07T06:07:49.4822693-04:00" testType="13cdc9d9-ddb5-4fa4-a97d-d965ccfc6d4b" outcome="Passed" testListId="8c84fa94-04c1-424b-9868-57a2d4851a1d" relativeResultsDirectory="4c77d81f-7d29-48a1-8fba-11f5e3c4ae90" />
    <UnitTestResult executionId="6d24f34c-0d4c-49ff-a8a6-c99f79c881f2" testId="cad1c931-0c4a-adb5-c259-b19edacb5d84" testName="QuizApp.Tests.FileAssessmentRepositoryTests.Repository_loads_and_validates_new_assessment_content(assessmentId: &quot;os-structure-design-concept-lesson&quot;)" computerName="DESKTOP-BQQQ8FP" duration="00:00:00.0342731" startTime="2026-09-07T06:07:58.4320064-04:00" endTime="2026-09-07T06:07:58.4320065-04:00" testType="13cdc9d9-ddb5-4fa4-a97d-d965ccfc6d4b" outcome="Passed" testListId="8c84fa94-04c1-424b-9868-57a2d4851a1d" relativeResultsDirectory="6d24f34c-0d4c-49ff-a8a6-c99f79c881f2" />
    <UnitTestResult executionId="32d80e74-7c90-4f13-8e46-b70437d20d9c" testId="1eb7cbc5-7bb1-18c8-f427-acf6a5ace3c0" testName="QuizApp.Tests.FileAssessmentRepositoryTests.Repository_loads_and_validates_new_assessment_content(assessmentId: &quot;physics-torque-quiz-easy&quot;)" computerName="DESKTOP-BQQQ8FP" duration="00:00:00.0210840" startTime="2026-09-07T06:07:49.6635375-04:00" endTime="2026-09-07T06:07:49.6635377-04:00" testType="13cdc9d9-ddb5-4fa4-a97d-d965ccfc6d4b" outcome="Passed" testListId="8c84fa94-04c1-424b-9868-57a2d4851a1d" relativeResultsDirectory="32d80e74-7c90-4f13-8e46-b70437d20d9c" />
    <UnitTestResult executionId="181bdcf1-c1a6-4e1c-99fc-85ccebe05083" testId="4d71c3fd-92ea-acba-fa4b-70546abc14d4" testName="QuizApp.Tests.FileAssessmentRepositoryTests.Repository_loads_and_validates_new_assessment_content(assessmentId: &quot;mathematical-literacy-definitions-glossary&quot;)" computerName="DESKTOP-BQQQ8FP" duration="00:00:00.0277808" startTime="2026-09-07T06:07:59.1681060-04:00" endTime="2026-09-07T06:07:59.1681061-04:00" testType="13cdc9d9-ddb5-4fa4-a97d-d965ccfc6d4b" outcome="Passed" testListId="8c84fa94-04c1-424b-9868-57a2d4851a1d" relativeResultsDirectory="181bdcf1-c1a6-4e1c-99fc-85ccebe05083" />
    <UnitTestResult executionId="9de64e56-33a0-4c56-bd42-cce95c7f8249" testId="770f90a2-e30e-933e-22bd-1735265e1af6" testName="QuizApp.Tests.FileAssessmentRepositoryTests.Repository_loads_and_validates_new_assessment_content(assessmentId: &quot;os-memory-management-hard-quiz&quot;)" computerName="DESKTOP-BQQQ8FP" duration="00:00:00.0229813" startTime="2026-09-07T06:07:49.5733047-04:00" endTime="2026-09-07T06:07:49.5733049-04:00" testType="13cdc9d9-ddb5-4fa4-a97d-d965ccfc6d4b" outcome="Passed" testListId="8c84fa94-04c1-424b-9868-57a2d4851a1d" relativeResultsDirectory="9de64e56-33a0-4c56-bd42-cce95c7f8249" />
    <UnitTestResult executionId="53ab4053-e4da-48f3-8fa0-1af2682c3fab" testId="7f1e2724-319d-2d75-d650-ca7666d44f22" testName="QuizApp.Tests.FileAssessmentRepositoryTests.Repository_loads_and_validates_new_assessment_content(assessmentId: &quot;calc2-parametric-curves-recall-s2c&quot;)" computerName="DESKTOP-BQQQ8FP" duration="00:00:00.0165867" startTime="2026-09-07T06:07:53.2772739-04:00" endTime="2026-09-07T06:07:53.2772740-04:00" testType="13cdc9d9-ddb5-4fa4-a97d-d965ccfc6d4b" outcome="Passed" testListId="8c84fa94-04c1-424b-9868-57a2d4851a1d" relativeResultsDirectory="53ab4053-e4da-48f3-8fa0-1af2682c3fab" />
    <UnitTestResult executionId="f2a36fc4-2df6-4543-93b2-7dd5b1ab5ce3" testId="43d8085f-df5c-0ea0-fbf9-b5e8093103fa" testName="QuizApp.Tests.FileAssessmentRepositoryTests.Repository_loads_and_validates_new_assessment_content(assessmentId: &quot;calc2-volumes-of-solids-recall-s2c&quot;)" computerName="DESKTOP-BQQQ8FP" duration="00:00:00.0205135" startTime="2026-09-07T06:07:49.7719704-04:00" endTime="2026-09-07T06:07:49.7719707-04:00" testType="13cdc9d9-ddb5-4fa4-a97d-d965ccfc6d4b" outcome="Passed" testListId="8c84fa94-04c1-424b-9868-57a2d4851a1d" relativeResultsDirectory="f2a36fc4-2df6-4543-93b2-7dd5b1ab5ce3" />
    <UnitTestResult executionId="a74127d7-2c42-477e-92c8-958f2e3a18fa" testId="4497dfd6-a7dd-27d4-c4cf-cc79f9fc2af1" testName="QuizApp.Tests.FileAssessmentRepositoryTests.Repository_loads_and_validates_new_assessment_content(assessmentId: &quot;dsa-trie-route-matcher-directed-project&quot;)" computerName="DESKTOP-BQQQ8FP" duration="00:00:00.0355492" startTime="2026-09-07T06:07:51.6497815-04:00" endTime="2026-09-07T06:07:51.6497819-04:00" testType="13cdc9d9-ddb5-4fa4-a97d-d965ccfc6d4b" outcome="Passed" testListId="8c84fa94-04c1-424b-9868-57a2d4851a1d" relativeResultsDirectory="a74127d7-2c42-477e-92c8-958f2e3a18fa" />
    <UnitTestResult executionId="5a632dfc-ce0b-4be7-9aaa-841144363f8d" testId="6497bbed-c28c-5430-c702-db7ac8d7b71e" testName="QuizApp.Tests.FileAssessmentRepositoryTests.Repository_loads_and_validates_new_assessment_content(assessmentId: &quot;mathematical-literacy-logic-concept-lesson&quot;)" computerName="DESKTOP-BQQQ8FP" duration="00:00:00.0240654" startTime="2026-09-07T06:07:52.7584910-04:00" endTime="2026-09-07T06:07:52.7584913-04:00" testType="13cdc9d9-ddb5-4fa4-a97d-d965ccfc6d4b" outcome="Passed" testListId="8c84fa94-04c1-424b-9868-57a2d4851a1d" relativeResultsDirectory="5a632dfc-ce0b-4be7-9aaa-841144363f8d" />
    <UnitTestResult executionId="8c8839a8-b099-4335-8924-3bb21d88433a" testId="a57d28a0-0be8-655c-e59e-ff617a43252c" testName="QuizApp.Tests.FileAssessmentRepositoryTests.Repository_loads_and_validates_new_assessment_content(assessmentId: &quot;calc2-cylindrical-shells-recall-s2c&quot;)" computerName="DESKTOP-BQQQ8FP" duration="00:00:00.0157951" startTime="2026-09-07T06:08:06.2410481-04:00" endTime="2026-09-07T06:08:06.2410484-04:00" testType="13cdc9d9-ddb5-4fa4-a97d-d965ccfc6d4b" outcome="Passed" testListId="8c84fa94-04c1-424b-9868-57a2d4851a1d" relativeResultsDirectory="8c8839a8-b099-4335-8924-3bb21d88433a" />
    <UnitTestResult executionId="8a8ea6b1-433a-4c4e-9c5c-d2882e0ab5f0" testId="2d3dcb29-7e1c-0b1a-d48e-5a2f883e471a" testName="QuizApp.Tests.FileAssessmentRepositoryTests.Repository_loads_and_validates_new_assessment_content(assessmentId: &quot;os-file-systems-scenario-worked-example&quot;)" computerName="DESKTOP-BQQQ8FP" duration="00:00:00.0250180" startTime="2026-09-07T06:07:48.0086701-04:00" endTime="2026-09-07T06:07:48.0086712-04:00" testType="13cdc9d9-ddb5-4fa4-a97d-d965ccfc6d4b" outcome="Passed" testListId="8c84fa94-04c1-424b-9868-57a2d4851a1d" relativeResultsDirectory="8a8ea6b1-433a-4c4e-9c5c-d2882e0ab5f0" />
    <UnitTestResult executionId="0e51e917-3da7-4584-ac3a-f1baabb59d86" testId="22db34a5-7d8e-df8d-4553-6053748fcf9d" testName="QuizApp.Tests.FileAssessmentRepositoryTests.Repository_loads_and_validates_new_assessment_content(assessmentId: &quot;dsa-fixed-telemetry-buffer-directed-project&quot;)" computerName="DESKTOP-BQQQ8FP" duration="00:00:00.0198393" startTime="2026-09-07T06:07:51.6698655-04:00" endTime="2026-09-07T06:07:51.6698657-04:00" testType="13cdc9d9-ddb5-4fa4-a97d-d965ccfc6d4b" outcome="Passed" testListId="8c84fa94-04c1-424b-9868-57a2d4851a1d" relativeResultsDirectory="0e51e917-3da7-4584-ac3a-f1baabb59d86" />
    <UnitTestResult executionId="24ddbe5f-81e8-485d-953c-c1caf00d3112" testId="c6e7124b-2a6f-885b-86d0-37e96fcef6e9" testName="QuizApp.Tests.FileAssessmentRepositoryTests.Repository_loads_and_validates_new_assessment_content(assessmentId: &quot;physics-constant-angular-acceleration-test-hard&quot;)" computerName="DESKTOP-BQQQ8FP" duration="00:00:00.0190408" startTime="2026-09-07T06:08:06.2251396-04:00" endTime="2026-09-07T06:08:06.2251398-04:00" testType="13cdc9d9-ddb5-4fa4-a97d-d965ccfc6d4b" outcome="Passed" testListId="8c84fa94-04c1-424b-9868-57a2d4851a1d" relativeResultsDirectory="24ddbe5f-81e8-485d-953c-c1caf00d3112" />
    <UnitTestResult executionId="194658a5-f824-4dee-bd0b-d083621bcfbf" testId="aa785594-d755-37f9-df1e-ea68034b49a4" testName="QuizApp.Tests.FileAssessmentRepositoryTests.Repository_loads_and_validates_new_assessment_content(assessmentId: &quot;os-input-output-concept-lesson&quot;)" computerName="DESKTOP-BQQQ8FP" duration="00:00:00.0209291" startTime="2026-09-07T06:07:50.3486844-04:00" endTime="2026-09-07T06:07:50.3486846-04:00" testType="13cdc9d9-ddb5-4fa4-a97d-d965ccfc6d4b" outcome="Passed" testListId="8c84fa94-04c1-424b-9868-57a2d4851a1d" relativeResultsDirectory="194658a5-f824-4dee-bd0b-d083621bcfbf" />
[...]
    <TestEntry testId="e5fd2a6a-c1ca-2c0f-9ac6-83a25cf9a44d" executionId="a2e191f7-5dae-4924-8677-570a198a0fb0" testListId="8c84fa94-04c1-424b-9868-57a2d4851a1d" />
    <TestEntry testId="eb46ac61-c607-8981-e8d0-b7de03d5e5c7" executionId="d66e2120-fff2-46d3-8d2e-891dc9199c6c" testListId="8c84fa94-04c1-424b-9868-57a2d4851a1d" />
    <TestEntry testId="d7c00937-ef8f-ff1d-9064-c62d23d29523" executionId="8ffb2a30-8acd-4b20-ac12-16ecb0f54560" testListId="8c84fa94-04c1-424b-9868-57a2d4851a1d" />
    <TestEntry testId="060654b9-869c-7903-d817-9786271adebc" executionId="76661473-6386-44a2-9381-eccc31c39697" testListId="8c84fa94-04c1-424b-9868-57a2d4851a1d" />
    <TestEntry testId="86f702fd-1c9f-a2aa-002d-3db972820ead" executionId="ff373731-cbd2-4299-a77e-ab55b75d47ba" testListId="8c84fa94-04c1-424b-9868-57a2d4851a1d" />
    <TestEntry testId="0058b3a6-628e-0ee2-e746-7e103275b336" executionId="56984c20-0696-49dd-b737-f42061998a88" testListId="8c84fa94-04c1-424b-9868-57a2d4851a1d" />
    <TestEntry testId="c4adb8c9-882d-31bb-c371-8a97ef56a1b3" executionId="343d5439-1f69-4ca7-9bb7-c9675d77227c" testListId="8c84fa94-04c1-424b-9868-57a2d4851a1d" />
    <TestEntry testId="04236d63-164b-17ed-2b62-ea945249e3e4" executionId="0c7ad979-9f75-49dc-9dfa-ce527d12076d" testListId="8c84fa94-04c1-424b-9868-57a2d4851a1d" />
    <TestEntry testId="05d8be3b-1490-56f7-6df7-52ff1d1cd622" executionId="0e177e91-8142-4651-b43f-d415760509af" testListId="8c84fa94-04c1-424b-9868-57a2d4851a1d" />
    <TestEntry testId="dd81a5d6-2f5e-7618-c7d4-b75bfb03ce00" executionId="5d699d78-81c1-4429-bcf6-5ea76d3969d5" testListId="8c84fa94-04c1-424b-9868-57a2d4851a1d" />
    <TestEntry testId="64f4cc38-b676-c79c-693f-a401a67f121a" executionId="76c6fdab-147d-43a0-87b8-4c75bf734eb8" testListId="8c84fa94-04c1-424b-9868-57a2d4851a1d" />
    <TestEntry testId="603c5737-3b85-20fe-c6a0-540455d58e4c" executionId="0340322c-510f-46c3-8973-de97256d24b6" testListId="8c84fa94-04c1-424b-9868-57a2d4851a1d" />
    <TestEntry testId="69301a61-3b81-5a76-d396-270593dcf838" executionId="396d9d8a-3c40-496d-a6e6-2acd5de6bd60" testListId="8c84fa94-04c1-424b-9868-57a2d4851a1d" />
    <TestEntry testId="9c7050e7-7a7f-acb7-9be4-b69d09ca1d8f" executionId="355b1a5c-0bb4-493a-bef4-520b2e5589df" testListId="8c84fa94-04c1-424b-9868-57a2d4851a1d" />
    <TestEntry testId="6bbc70b0-4337-2ea7-b330-81dda1b9a9ca" executionId="1ea3f3b8-da2f-44c9-ab72-6445a3367fd7" testListId="8c84fa94-04c1-424b-9868-57a2d4851a1d" />
    <TestEntry testId="cffc8b50-3df6-307d-c8f9-4f201b9ed67a" executionId="a3f91d8e-0885-488d-aeb5-c807d400e24d" testListId="8c84fa94-04c1-424b-9868-57a2d4851a1d" />
    <TestEntry testId="815107d2-9779-d224-b795-8c654352816a" executionId="09f08c7a-4139-44b0-88c4-22934a3adec6" testListId="8c84fa94-04c1-424b-9868-57a2d4851a1d" />
    <TestEntry testId="34565373-b317-ead2-5463-c33a67faa370" executionId="2d5f8eb3-9c47-4c11-8d4b-bf665117388e" testListId="8c84fa94-04c1-424b-9868-57a2d4851a1d" />
    <TestEntry testId="85986803-92f3-604e-75d7-e4a2468113f0" executionId="6b0f8ae7-ef03-4f99-830a-026f9c9e8066" testListId="8c84fa94-04c1-424b-9868-57a2d4851a1d" />
    <TestEntry testId="35f0afb2-5e7c-6784-d401-b22f59944fc9" executionId="b6942ec1-9ce5-49ea-b9d3-ff9a1462b0d7" testListId="8c84fa94-04c1-424b-9868-57a2d4851a1d" />
    <TestEntry testId="57273b1c-5bd0-ebb7-5a90-c669ecd6717e" executionId="b3671878-6ad6-4d4e-bf81-21e465a82686" testListId="8c84fa94-04c1-424b-9868-57a2d4851a1d" />
    <TestEntry testId="cb161a88-f359-7549-aafd-db90736efc1c" executionId="f12e05d2-a656-4df4-a15e-978e371e328a" testListId="8c84fa94-04c1-424b-9868-57a2d4851a1d" />
    <TestEntry testId="808fd92f-15e9-3bfa-2198-564b80f88f2d" executionId="80b42e26-0946-4cbd-af00-9f6386a2d609" testListId="8c84fa94-04c1-424b-9868-57a2d4851a1d" />
    <TestEntry testId="96cf9441-6b86-feaa-8609-c3f8911d10d4" executionId="1e5dc1aa-e5c1-416a-bef9-90c2c2b4b38a" testListId="8c84fa94-04c1-424b-9868-57a2d4851a1d" />
    <TestEntry testId="5835d1bd-6c29-03f5-6a8f-8f2086875557" executionId="ea24ec40-b03e-43e3-bb4e-cf5bdad4764f" testListId="8c84fa94-04c1-424b-9868-57a2d4851a1d" />
    <TestEntry testId="a4d351ff-d5a6-d550-c0d8-bf9baadd8829" executionId="3a5a1c76-fbb7-4b41-a0ff-04bc65fcb027" testListId="8c84fa94-04c1-424b-9868-57a2d4851a1d" />
    <TestEntry testId="c8f8e37b-61de-5955-2d05-2386ef997429" executionId="d97362d9-c097-43de-a7cd-f9045bf215ed" testListId="8c84fa94-04c1-424b-9868-57a2d4851a1d" />
    <TestEntry testId="580d3217-cd2a-dfa4-4de2-bd9794f25126" executionId="cf137127-2ea8-4a49-b72c-ee5d4359bcb2" testListId="8c84fa94-04c1-424b-9868-57a2d4851a1d" />
    <TestEntry testId="caa49244-6fa0-4c03-4245-89de03fc06ee" executionId="fad7bdf5-ffa5-4a2b-850d-d1a8765b44fd" testListId="8c84fa94-04c1-424b-9868-57a2d4851a1d" />
    <TestEntry testId="bc08b845-fa81-8640-152c-491e1b67f58b" executionId="df0e8b23-8032-4685-8e5d-04ab18b2dc47" testListId="8c84fa94-04c1-424b-9868-57a2d4851a1d" />
    <TestEntry testId="1b3466e7-284f-9a2d-6b9e-a3f10f507165" executionId="15832a6b-c3a1-432e-ac23-0b2aafce8698" testListId="8c84fa94-04c1-424b-9868-57a2d4851a1d" />
    <TestEntry testId="b48d30c5-975e-7a38-67d3-284207ad129a" executionId="c844cf78-4ed9-4279-be36-f78af8948751" testListId="8c84fa94-04c1-424b-9868-57a2d4851a1d" />
    <TestEntry testId="9bf509d4-3e24-6c74-49af-9e7d933c043b" executionId="bdbb6db8-509d-404b-b376-ce14b5014785" testListId="8c84fa94-04c1-424b-9868-57a2d4851a1d" />
    <TestEntry testId="57483cd8-63fb-f995-95df-094783460fbd" executionId="efa5f243-9753-4793-901b-892dd9ccdaba" testListId="8c84fa94-04c1-424b-9868-57a2d4851a1d" />
    <TestEntry testId="72d5e0b1-f4e7-9e79-2957-6bf7af47cbf6" executionId="18aac2c7-3b7e-49cf-bc82-8d1d7bbdb0f0" testListId="8c84fa94-04c1-424b-9868-57a2d4851a1d" />
    <TestEntry testId="6eacb89c-f830-991d-b9fb-5b7dfadbfc75" executionId="396c4551-a505-41f1-840c-141ee15cc1e7" testListId="8c84fa94-04c1-424b-9868-57a2d4851a1d" />
    <TestEntry testId="3546ff5b-378b-98c0-36fb-9c985cf90751" executionId="e9641b8e-53fa-4bc4-98c1-8242440dd217" testListId="8c84fa94-04c1-424b-9868-57a2d4851a1d" />
    <TestEntry testId="088e5e44-37fd-6e81-4a1b-f5f80c30189b" executionId="908cced1-578e-45aa-9405-2592582487a5" testListId="8c84fa94-04c1-424b-9868-57a2d4851a1d" />
    <TestEntry testId="0d09f6a8-2873-fb5a-0565-7bc2638d46ca" executionId="c51b86d7-f5b8-49c1-9c89-ffa9cf041152" testListId="8c84fa94-04c1-424b-9868-57a2d4851a1d" />
    <TestEntry testId="c0d1faf0-1efb-45c6-1d75-c3bb4fc1cd54" executionId="e3c065b7-0f79-4dc6-ba7c-de8b346431b7" testListId="8c84fa94-04c1-424b-9868-57a2d4851a1d" />
    <TestEntry testId="d6df04fa-b29c-986f-2a8d-422d8e27de0a" executionId="af915ac9-e53b-4a7a-9919-0c03027f2186" testListId="8c84fa94-04c1-424b-9868-57a2d4851a1d" />
    <TestEntry testId="5a871dd8-7678-6e56-c63f-12b56de72b88" executionId="2e41aef7-6523-4ee2-9735-4a8f1a1dda9f" testListId="8c84fa94-04c1-424b-9868-57a2d4851a1d" />
    <TestEntry testId="2b12c6d6-5eb9-0fec-37eb-b2d44f69a27e" executionId="cf2a12a0-238c-40e1-9d4f-0619185a6a9a" testListId="8c84fa94-04c1-424b-9868-57a2d4851a1d" />
    <TestEntry testId="9d3d0616-57d1-4d57-8987-b6a6d377d7da" executionId="0523ee16-f939-4a96-b383-e4bf18a69978" testListId="8c84fa94-04c1-424b-9868-57a2d4851a1d" />
    <TestEntry testId="143305ec-57c1-eacd-6b8d-233e653d7fae" executionId="9ee2399a-8cb1-453d-bec6-e7ac4d720e79" testListId="8c84fa94-04c1-424b-9868-57a2d4851a1d" />
    <TestEntry testId="d388dab6-176b-e92b-1796-c7b2c5d52f0f" executionId="b17c1f3c-03d6-4e27-b1d6-e9959ea2d888" testListId="8c84fa94-04c1-424b-9868-57a2d4851a1d" />
    <TestEntry testId="20180826-4e49-29a2-fa47-323d09f46fbb" executionId="f2733a13-8143-462e-b46e-d4c26cbeab57" testListId="8c84fa94-04c1-424b-9868-57a2d4851a1d" />
    <TestEntry testId="49a8209e-4e2a-c27b-6dd0-6fcd0d3d64c9" executionId="ab0dceb3-d09d-49d4-a277-2d9f920283dd" testListId="8c84fa94-04c1-424b-9868-57a2d4851a1d" />
    <TestEntry testId="4ecdd910-d9ac-cc46-1dff-b7faeaabf85e" executionId="f0834226-0d01-46f2-a669-b0f318b553b0" testListId="8c84fa94-04c1-424b-9868-57a2d4851a1d" />
    <TestEntry testId="36a870a1-bca7-dc7d-dde7-83ebec283f28" executionId="7b46cda8-d512-4693-86d6-822bc33c76cb" testListId="8c84fa94-04c1-424b-9868-57a2d4851a1d" />
    <TestEntry testId="1485ba80-9942-5603-fa9e-c1010e491e58" executionId="1dd37fc3-3a43-4357-94ff-001cd03b48f5" testListId="8c84fa94-04c1-424b-9868-57a2d4851a1d" />
    <TestEntry testId="46c08bf5-5665-6f08-d467-08057bfe16fe" executionId="a5a0a23b-dc08-49b0-9157-d57cf02836e2" testListId="8c84fa94-04c1-424b-9868-57a2d4851a1d" />
    <TestEntry testId="ca5334b4-a158-6feb-100d-e30b77a804b7" executionId="8e54775d-51db-4d3a-986d-aeb9600ce3fa" testListId="8c84fa94-04c1-424b-9868-57a2d4851a1d" />
    <TestEntry testId="1e43f5e0-fc2e-bc87-a418-084f73f196ca" executionId="e4f91250-7230-4bc4-a2be-043985aab62c" testListId="8c84fa94-04c1-424b-9868-57a2d4851a1d" />
    <TestEntry testId="91cfb753-cb44-3193-7462-fb63b20aa6f7" executionId="913ab764-2fce-4bd5-bfea-6fd724c99e27" testListId="8c84fa94-04c1-424b-9868-57a2d4851a1d" />
    <TestEntry testId="b32f8e22-f8d6-7d77-a95d-66fc3ee956c8" executionId="28a84fa3-f121-4a34-a86b-44b1fd4a9a9d" testListId="8c84fa94-04c1-424b-9868-57a2d4851a1d" />
    <TestEntry testId="bc2c8057-62f8-42fe-6bba-38a3c32b83fc" executionId="d7a30dcb-42ce-44b1-a93c-1984d95b4372" testListId="8c84fa94-04c1-424b-9868-57a2d4851a1d" />
    <TestEntry testId="54dc4625-d0b7-d3ea-a1c4-4fb6c9cca44e" executionId="77644ddd-3514-4eab-a9e2-bb786b747603" testListId="8c84fa94-04c1-424b-9868-57a2d4851a1d" />
    <TestEntry testId="817f6960-712f-1cf1-b98c-b488932aca1c" executionId="d16a751c-c39d-4ec6-85a0-f9beaa62d3a2" testListId="8c84fa94-04c1-424b-9868-57a2d4851a1d" />
    <TestEntry testId="a1b9aeaf-3d3e-2760-d17e-acd10220aa07" executionId="99910688-e169-471c-a67f-d251b22ec781" testListId="8c84fa94-04c1-424b-9868-57a2d4851a1d" />
    <TestEntry testId="ab145ac2-611f-4afc-3a3e-9d7dbfe2b9dc" executionId="3c0daf16-86e0-476f-ac06-1768235a2274" testListId="8c84fa94-04c1-424b-9868-57a2d4851a1d" />
    <TestEntry testId="6cf8eef8-5786-4054-2d1d-ccbbbcfdd6c9" executionId="1e2de151-6079-4a60-ac5f-0bf47a8fad9f" testListId="8c84fa94-04c1-424b-9868-57a2d4851a1d" />
    <TestEntry testId="d3bb7a7a-1018-3cf8-f75e-c2a20132c9f5" executionId="c9bc93c9-b4f3-495c-9902-d1b492454a7f" testListId="8c84fa94-04c1-424b-9868-57a2d4851a1d" />
    <TestEntry testId="070c45c2-bde7-154f-ad76-a8acdc0f73b4" executionId="79c788e2-b4bf-4523-a1ef-775b5ac90744" testListId="8c84fa94-04c1-424b-9868-57a2d4851a1d" />
    <TestEntry testId="3d426d0b-caac-25e9-91ec-ac7c4a8357db" executionId="c0f890cb-57a8-47a2-9590-4d46722a5302" testListId="8c84fa94-04c1-424b-9868-57a2d4851a1d" />
    <TestEntry testId="eeefa22c-14cb-f4e1-7dcd-4e79fc4e9847" executionId="77f66744-adad-4cf1-b612-a10e34a2d932" testListId="8c84fa94-04c1-424b-9868-57a2d4851a1d" />
    <TestEntry testId="a2dd50f1-de4f-671d-a1db-1fb93f789d17" executionId="6e85938d-cd85-49ed-9106-b61175d4f469" testListId="8c84fa94-04c1-424b-9868-57a2d4851a1d" />
    <TestEntry testId="c3ad4fef-ddfd-179f-ce6b-5add597b60cb" executionId="334b58c8-20c4-46cb-ae33-61f9a85403b6" testListId="8c84fa94-04c1-424b-9868-57a2d4851a1d" />
    <TestEntry testId="a07206d5-b9ef-55b7-b15a-53ee043a15c3" executionId="e8cb351e-4fbe-4aa8-968d-455a14abbdbc" testListId="8c84fa94-04c1-424b-9868-57a2d4851a1d" />
    <TestEntry testId="742509af-4a9a-c320-2b41-cf5467c3831d" executionId="8fd4880b-501d-4368-bfe3-4a00e0d103f9" testListId="8c84fa94-04c1-424b-9868-57a2d4851a1d" />
    <TestEntry testId="99f598e3-e53e-7b38-a034-8405a27e16d7" executionId="c5586b78-b47e-43f5-a200-c05ff14c82c6" testListId="8c84fa94-04c1-424b-9868-57a2d4851a1d" />
    <TestEntry testId="b0e5e5ad-9517-1e0b-85fd-9acafefcc1e2" executionId="272756b4-e401-473f-a508-1c89c45907d1" testListId="8c84fa94-04c1-424b-9868-57a2d4851a1d" />
    <TestEntry testId="10407c82-ab01-3a51-8f41-34600312a14b" executionId="706ed31b-621d-478e-9668-0be4f3384261" testListId="8c84fa94-04c1-424b-9868-57a2d4851a1d" />
    <TestEntry testId="6ffa77ad-9462-e479-fed9-14dbb3a508c5" executionId="277c0007-7754-4eff-a846-2d77d3a9e6a9" testListId="8c84fa94-04c1-424b-9868-57a2d4851a1d" />
    <TestEntry testId="7ced2b28-bcc2-2ee1-5623-62b1d960999e" executionId="81525ec8-8157-4f94-b130-5f47bf22c7f3" testListId="8c84fa94-04c1-424b-9868-57a2d4851a1d" />
    <TestEntry testId="fa961824-5a6d-e781-b119-52259f086160" executionId="00043103-5496-4a2b-896d-f703b03505d9" testListId="8c84fa94-04c1-424b-9868-57a2d4851a1d" />
    <TestEntry testId="a4cf3793-0eac-bca7-1d35-03a1c5ce3fdc" executionId="7f9be149-d5a3-46aa-a8ec-86de2692f932" testListId="8c84fa94-04c1-424b-9868-57a2d4851a1d" />
    <TestEntry testId="8906a029-e68e-b843-3aa7-b67ac3066a27" executionId="645c6b0e-7ae1-4023-a924-537a066e70c7" testListId="8c84fa94-04c1-424b-9868-57a2d4851a1d" />
    <TestEntry testId="b00c83a1-943e-e9c8-7a8b-96c8cc2046f8" executionId="65e66191-4529-475a-afb0-62852df474bc" testListId="8c84fa94-04c1-424b-9868-57a2d4851a1d" />
    <TestEntry testId="57cd31e0-6c62-afb0-25dd-6d1968e7c189" executionId="81177a1a-b5b2-4c18-90aa-8518d4c8c8ff" testListId="8c84fa94-04c1-424b-9868-57a2d4851a1d" />
    <TestEntry testId="d985fa6b-8f13-9a88-d775-6f821d9f0774" executionId="3160ce6b-c1f1-4ba3-a895-dbfba0f93bd5" testListId="8c84fa94-04c1-424b-9868-57a2d4851a1d" />
    <TestEntry testId="cf657df8-f385-f264-624d-687fc5ffd83d" executionId="6b854691-8b25-47d6-960d-ec45df0441a7" testListId="8c84fa94-04c1-424b-9868-57a2d4851a1d" />
    <TestEntry testId="ecabe299-7787-1281-07a3-ed1fae215d2a" executionId="0a427493-69fd-47fc-b2a1-0a7d286cd78d" testListId="8c84fa94-04c1-424b-9868-57a2d4851a1d" />
    <TestEntry testId="b00c7f5f-4afb-70c6-b081-dca0fd8b5f19" executionId="073a2c6f-15ae-4048-9b02-fab97538c938" testListId="8c84fa94-04c1-424b-9868-57a2d4851a1d" />
  </TestEntries>
  <TestLists>
    <TestList name="Results Not in a List" id="8c84fa94-04c1-424b-9868-57a2d4851a1d" />
    <TestList name="All Loaded Results" id="19431567-8539-422a-85d7-44ee4e166bda" />
  </TestLists>
  <ResultSummary outcome="Failed">
    <Counters total="536" executed="536" passed="531" failed="5" error="0" timeout="0" aborted="0" inconclusive="0" passedButRunAborted="0" notRunnable="0" notExecuted="0" disconnected="0" warning="0" completed="0" inProgress="0" pending="0" />
    <Output>
      <StdOut>[xUnit.net 00:00:00.00] xUnit.net VSTest Adapter v2.5.3.1+6b60a9e56a (64-bit .NET 8.0.2)&#xD;
[xUnit.net 00:00:00.09]   Discovering: QuizApp.Tests&#xD;
[xUnit.net 00:00:01.66]   Discovered:  QuizApp.Tests&#xD;
[xUnit.net 00:00:01.66]   Starting:    QuizApp.Tests&#xD;
[xUnit.net 00:00:16.52]       Assert.NotNull() Failure: Value is null&#xD;
[xUnit.net 00:00:16.52]       Stack Trace:&#xD;
[xUnit.net 00:00:16.52]         C:\Users\SeanS\Downloads\cir_app_antigravity\backend\tests\QuizApp.Tests\FileAssessmentRepositoryTests.cs(931,0): at QuizApp.Tests.FileAssessmentRepositoryTests.Repository_loads_and_validates_new_assessment_content(String assessmentId)&#xD;
[xUnit.net 00:00:16.52]         --- End of stack trace from previous location ---&#xD;
[xUnit.net 00:00:17.62]       Activity type 'quiz' is not valid for learning goal 'evaluate'.; Assessment type must be quiz, test, workedExample, guidedProject, recallDrill, glossary, conceptLesson, interactiveExploration, directedProject, or sandbox.; Code question language must be python or cpp.; Code questions must include functionName.; Code questions must include starterCode.; Code questions must include at least one test.&#xD;
[xUnit.net 00:00:17.62]       Stack Trace:&#xD;
[xUnit.net 00:00:17.62]         C:\Users\SeanS\Downloads\cir_app_antigravity\backend\tests\QuizApp.Tests\FileAssessmentRepositoryTests.cs(932,0): at QuizApp.Tests.FileAssessmentRepositoryTests.Repository_loads_and_validates_new_assessment_content(String assessmentId)&#xD;
[xUnit.net 00:00:17.62]         --- End of stack trace from previous location ---&#xD;
[xUnit.net 00:00:17.93]       Activity type 'quiz' is not valid for learning goal 'evaluate'.; Assessment type must be quiz, test, workedExample, guidedProject, recallDrill, glossary, conceptLesson, interactiveExploration, directedProject, or sandbox.; Multiple choice questions must include choices.; Multiple choice answer choiceId must match a choice.&#xD;
[xUnit.net 00:00:17.94]       Stack Trace:&#xD;
[xUnit.net 00:00:17.94]         C:\Users\SeanS\Downloads\cir_app_antigravity\backend\tests\QuizApp.Tests\FileAssessmentRepositoryTests.cs(932,0): at QuizApp.Tests.FileAssessmentRepositoryTests.Repository_loads_and_validates_new_assessment_content(String assessmentId)&#xD;
[xUnit.net 00:00:17.94]         --- End of stack trace from previous location ---&#xD;
[xUnit.net 00:00:23.56]       Assert.NotNull() Failure: Value is null&#xD;
[xUnit.net 00:00:23.56]       Stack Trace:&#xD;
[xUnit.net 00:00:23.56]         C:\Users\SeanS\Downloads\cir_app_antigravity\backend\tests\QuizApp.Tests\FileAssessmentRepositoryTests.cs(931,0): at QuizApp.Tests.FileAssessmentRepositoryTests.Repository_loads_and_validates_new_assessment_content(String assessmentId)&#xD;
[xUnit.net 00:00:23.56]         --- End of stack trace from previous location ---&#xD;
[xUnit.net 00:00:24.90]       Activity type 'quiz' is not valid for learning goal 'evaluate'.; Assessment type must be quiz, test, workedExample, guidedProject, recallDrill, glossary, conceptLesson, interactiveExploration, directedProject, or sandbox.; Code question language must be python or cpp.; Code questions must include functionName.; Code questions must include starterCode.; Code questions must include at least one test.&#xD;
[xUnit.net 00:00:24.90]       Stack Trace:&#xD;
[xUnit.net 00:00:24.90]         C:\Users\SeanS\Downloads\cir_app_antigravity\backend\tests\QuizApp.Tests\FileAssessmentRepositoryTests.cs(932,0): at QuizApp.Tests.FileAssessmentRepositoryTests.Repository_loads_and_validates_new_assessment_content(String assessmentId)&#xD;
[xUnit.net 00:00:24.90]         --- End of stack trace from previous location ---&#xD;
[xUnit.net 00:00:25.96]   Finished:    QuizApp.Tests&#xD;
</StdOut>
    </Output>
    <RunInfos>
      <RunInfo computerName="DESKTOP-BQQQ8FP" outcome="Error" timestamp="2026-09-07T06:07:57.8897802-04:00">
        <Text>[xUnit.net 00:00:16.52]     QuizApp.Tests.FileAssessmentRepositoryTests.Repository_loads_and_validates_new_assessment_content(assessmentId: "dsa-arrays-strings-concept-lesson") [FAIL]</Text>
      </RunInfo>
      <RunInfo computerName="DESKTOP-BQQQ8FP" outcome="Error" timestamp="2026-09-07T06:07:58.9947730-04:00">
        <Text>[xUnit.net 00:00:17.62]     QuizApp.Tests.FileAssessmentRepositoryTests.Repository_loads_and_validates_new_assessment_content(assessmentId: "dsa-sorting-searching-quiz") [FAIL]</Text>
      </RunInfo>
      <RunInfo computerName="DESKTOP-BQQQ8FP" outcome="Error" timestamp="2026-09-07T06:07:59.3076600-04:00">
        <Text>[xUnit.net 00:00:17.93]     QuizApp.Tests.FileAssessmentRepositoryTests.Repository_loads_and_validates_new_assessment_content(assessmentId: "dsa-stacks-queues-quiz") [FAIL]</Text>
      </RunInfo>
      <RunInfo computerName="DESKTOP-BQQQ8FP" outcome="Error" timestamp="2026-09-07T06:08:04.9296675-04:00">
        <Text>[xUnit.net 00:00:23.56]     QuizApp.Tests.FileAssessmentRepositoryTests.Repository_loads_and_validates_new_assessment_content(assessmentId: "dsa-arrays-strings-quiz") [FAIL]</Text>
      </RunInfo>
      <RunInfo computerName="DESKTOP-BQQQ8FP" outcome="Error" timestamp="2026-09-07T06:08:06.2773410-04:00">
        <Text>[xUnit.net 00:00:24.90]     QuizApp.Tests.FileAssessmentRepositoryTests.Repository_loads_and_validates_new_assessment_content(assessmentId: "dsa-linked-structures-quiz") [FAIL]</Text>
      </RunInfo>
    </RunInfos>
  </ResultSummary>
</TestRun>